2025-02-12 15:27:42,256 - main - INFO - Received request for user: priyank.shankar
2025-02-12 15:27:42,257 - main - INFO - Initialized RaceDataExtractor for user: priyank.shankar
2025-02-12 15:27:42,257 - main - INFO - Starting race processing for user: priyank.shankar
2025-02-12 15:27:42,257 - main - INFO - Setting up webdriver
2025-02-12 15:27:54,492 - main - INFO - Handling cookies popup
2025-02-12 15:27:54,533 - main - INFO - Cookie popup handled successfully
2025-02-12 15:27:54,533 - main - INFO - Webdriver setup successful
2025-02-12 15:27:54,533 - main - INFO - Extracting session data
2025-02-12 15:27:54,668 - main - INFO - Extracting profile information
2025-02-12 15:27:54,684 - main - INFO - Found profile - Name: Priyank Shankar, Location: Tokyo, Japan
2025-02-12 15:27:54,728 - main - INFO - Found 4 races
2025-02-12 15:27:54,728 - main - INFO - Processing race ID: be7c7c4e-9d58-421a-a6fd-429ffa42a2e8
2025-02-12 15:27:54,728 - main - INFO - Extracting lap data for race ID: be7c7c4e-9d58-421a-a6fd-429ffa42a2e8
2025-02-12 15:27:57,959 - main - INFO - Extracting lap times
2025-02-12 15:27:58,736 - main - INFO - Successfully extracted lap data for race ID: be7c7c4e-9d58-421a-a6fd-429ffa42a2e8
2025-02-12 15:28:00,741 - main - INFO - Processing race ID: b0998f4c-be49-4696-9e28-565d9d200af2
2025-02-12 15:28:00,741 - main - INFO - Extracting lap data for race ID: b0998f4c-be49-4696-9e28-565d9d200af2
2025-02-12 15:28:04,869 - main - INFO - Extracting lap times
2025-02-12 15:28:05,737 - main - INFO - Successfully extracted lap data for race ID: b0998f4c-be49-4696-9e28-565d9d200af2
2025-02-12 15:28:07,742 - main - INFO - Processing race ID: 85d3f7ac-e088-46d2-9673-ef01d1a71623
2025-02-12 15:28:07,743 - main - INFO - Extracting lap data for race ID: 85d3f7ac-e088-46d2-9673-ef01d1a71623
2025-02-12 15:28:10,267 - main - INFO - Extracting lap times
2025-02-12 15:28:11,032 - main - INFO - Successfully extracted lap data for race ID: 85d3f7ac-e088-46d2-9673-ef01d1a71623
2025-02-12 15:28:13,037 - main - INFO - Processing race ID: 19909955-d1ff-496a-adff-760ca90c323d
2025-02-12 15:28:13,038 - main - INFO - Extracting lap data for race ID: 19909955-d1ff-496a-adff-760ca90c323d
2025-02-12 15:28:16,488 - main - INFO - Extracting lap times
2025-02-12 15:28:17,251 - main - INFO - Successfully extracted lap data for race ID: 19909955-d1ff-496a-adff-760ca90c323d
2025-02-12 15:28:19,396 - main - INFO - Webdriver closed
2025-02-12 15:28:19,396 - main - INFO - Successfully processed data for user: priyank.shankar
2025-02-12 15:28:19,397 - main - INFO - Received request for user: priyank.shankar
2025-02-12 15:28:19,397 - main - INFO - Initialized RaceDataExtractor for user: priyank.shankar
2025-02-12 15:28:19,397 - main - INFO - Starting race processing for user: priyank.shankar
2025-02-12 15:28:19,397 - main - INFO - Setting up webdriver
2025-02-12 15:28:24,818 - main - INFO - Handling cookies popup
2025-02-12 15:28:24,960 - main - INFO - Cookie popup handled successfully
2025-02-12 15:28:24,960 - main - INFO - Webdriver setup successful
2025-02-12 15:28:24,960 - main - INFO - Extracting session data
2025-02-12 15:28:25,055 - main - INFO - Extracting profile information
2025-02-12 15:28:25,073 - main - INFO - Found profile - Name: Priyank Shankar, Location: Tokyo, Japan
2025-02-12 15:28:25,122 - main - INFO - Found 4 races
2025-02-12 15:28:25,122 - main - INFO - Processing race ID: be7c7c4e-9d58-421a-a6fd-429ffa42a2e8
2025-02-12 15:28:25,122 - main - INFO - Extracting lap data for race ID: be7c7c4e-9d58-421a-a6fd-429ffa42a2e8
2025-02-12 15:28:27,896 - main - INFO - Extracting lap times
2025-02-12 15:28:28,698 - main - INFO - Successfully extracted lap data for race ID: be7c7c4e-9d58-421a-a6fd-429ffa42a2e8
2025-02-12 15:28:30,704 - main - INFO - Processing race ID: b0998f4c-be49-4696-9e28-565d9d200af2
2025-02-12 15:28:30,704 - main - INFO - Extracting lap data for race ID: b0998f4c-be49-4696-9e28-565d9d200af2
2025-02-12 15:28:34,988 - main - INFO - Extracting lap times
2025-02-12 15:28:35,778 - main - INFO - Successfully extracted lap data for race ID: b0998f4c-be49-4696-9e28-565d9d200af2
2025-02-12 15:28:37,783 - main - INFO - Processing race ID: 85d3f7ac-e088-46d2-9673-ef01d1a71623
2025-02-12 15:28:37,784 - main - INFO - Extracting lap data for race ID: 85d3f7ac-e088-46d2-9673-ef01d1a71623
2025-02-12 15:28:40,016 - main - INFO - Extracting lap times
2025-02-12 15:28:40,805 - main - INFO - Successfully extracted lap data for race ID: 85d3f7ac-e088-46d2-9673-ef01d1a71623
2025-02-12 15:28:42,810 - main - INFO - Processing race ID: 19909955-d1ff-496a-adff-760ca90c323d
2025-02-12 15:28:42,811 - main - INFO - Extracting lap data for race ID: 19909955-d1ff-496a-adff-760ca90c323d
2025-02-12 15:28:46,065 - main - INFO - Extracting lap times
2025-02-12 15:28:46,834 - main - INFO - Successfully extracted lap data for race ID: 19909955-d1ff-496a-adff-760ca90c323d
2025-02-12 15:28:48,974 - main - INFO - Webdriver closed
2025-02-12 15:28:48,974 - main - INFO - Successfully processed data for user: priyank.shankar
2025-02-12 19:00:53,247 - main - INFO - Received request for user: priyank.shankar
2025-02-12 19:00:53,248 - main - INFO - Initialized RaceDataExtractor for user: priyank.shankar
2025-02-12 19:00:53,248 - main - INFO - Starting race processing for user: priyank.shankar
2025-02-12 19:00:53,248 - main - INFO - Setting up webdriver
2025-02-12 19:00:59,431 - main - INFO - Handling cookies popup
2025-02-12 19:00:59,604 - main - INFO - Cookie popup handled successfully
2025-02-12 19:00:59,604 - main - INFO - Webdriver setup successful
2025-02-12 19:00:59,604 - main - INFO - Extracting session data
2025-02-12 19:00:59,683 - main - INFO - Extracting profile information
2025-02-12 19:00:59,696 - main - INFO - Found profile - Name: Priyank Shankar, Location: Tokyo, Japan
2025-02-12 19:00:59,732 - main - INFO - Found 4 races
2025-02-12 19:00:59,732 - main - INFO - Processing race ID: be7c7c4e-9d58-421a-a6fd-429ffa42a2e8
2025-02-12 19:00:59,732 - main - INFO - Extracting lap data for race ID: be7c7c4e-9d58-421a-a6fd-429ffa42a2e8
2025-02-12 19:01:03,323 - main - INFO - Extracting lap times
2025-02-12 19:01:04,091 - main - INFO - Successfully extracted lap data for race ID: be7c7c4e-9d58-421a-a6fd-429ffa42a2e8
2025-02-12 19:01:06,097 - main - INFO - Processing race ID: b0998f4c-be49-4696-9e28-565d9d200af2
2025-02-12 19:01:06,097 - main - INFO - Extracting lap data for race ID: b0998f4c-be49-4696-9e28-565d9d200af2
2025-02-12 19:01:10,793 - main - INFO - Extracting lap times
2025-02-12 19:01:11,609 - main - INFO - Successfully extracted lap data for race ID: b0998f4c-be49-4696-9e28-565d9d200af2
2025-02-12 19:01:13,614 - main - INFO - Processing race ID: 85d3f7ac-e088-46d2-9673-ef01d1a71623
2025-02-12 19:01:13,614 - main - INFO - Extracting lap data for race ID: 85d3f7ac-e088-46d2-9673-ef01d1a71623
2025-02-12 19:01:17,447 - main - INFO - Extracting lap times
2025-02-12 19:01:18,214 - main - INFO - Successfully extracted lap data for race ID: 85d3f7ac-e088-46d2-9673-ef01d1a71623
2025-02-12 19:01:20,220 - main - INFO - Processing race ID: 19909955-d1ff-496a-adff-760ca90c323d
2025-02-12 19:01:20,220 - main - INFO - Extracting lap data for race ID: 19909955-d1ff-496a-adff-760ca90c323d
2025-02-12 19:01:23,838 - main - INFO - Extracting lap times
2025-02-12 19:01:24,627 - main - INFO - Successfully extracted lap data for race ID: 19909955-d1ff-496a-adff-760ca90c323d
2025-02-12 19:01:26,768 - main - INFO - Webdriver closed
2025-02-12 19:01:26,769 - main - INFO - Successfully processed data for user: priyank.shankar
2025-02-12 19:05:39,929 - main - INFO - Received request for user: priyank.shankar
2025-02-12 19:05:39,930 - main - INFO - Initialized RaceDataExtractor for user: priyank.shankar
2025-02-12 19:05:39,930 - main - INFO - Starting race processing for user: priyank.shankar
2025-02-12 19:05:39,930 - main - INFO - Setting up webdriver
2025-02-12 19:05:45,945 - main - INFO - Handling cookies popup
2025-02-12 19:05:46,065 - main - INFO - Cookie popup handled successfully
2025-02-12 19:05:46,065 - main - INFO - Webdriver setup successful
2025-02-12 19:05:46,065 - main - INFO - Extracting session data
2025-02-12 19:05:46,151 - main - INFO - Extracting profile information
2025-02-12 19:05:46,165 - main - INFO - Found profile - Name: Priyank Shankar, Location: Tokyo, Japan
2025-02-12 19:05:46,203 - main - INFO - Found 4 races
2025-02-12 19:05:46,203 - main - INFO - Processing race ID: be7c7c4e-9d58-421a-a6fd-429ffa42a2e8
2025-02-12 19:05:46,203 - main - INFO - Extracting lap data for race ID: be7c7c4e-9d58-421a-a6fd-429ffa42a2e8
2025-02-12 19:05:49,650 - main - INFO - Extracting lap times
2025-02-12 19:05:50,435 - main - INFO - Successfully extracted lap data for race ID: be7c7c4e-9d58-421a-a6fd-429ffa42a2e8
2025-02-12 19:05:52,441 - main - INFO - Processing race ID: b0998f4c-be49-4696-9e28-565d9d200af2
2025-02-12 19:05:52,441 - main - INFO - Extracting lap data for race ID: b0998f4c-be49-4696-9e28-565d9d200af2
2025-02-12 19:05:55,660 - main - INFO - Extracting lap times
2025-02-12 19:05:56,467 - main - INFO - Successfully extracted lap data for race ID: b0998f4c-be49-4696-9e28-565d9d200af2
2025-02-12 19:05:58,472 - main - INFO - Processing race ID: 85d3f7ac-e088-46d2-9673-ef01d1a71623
2025-02-12 19:05:58,472 - main - INFO - Extracting lap data for race ID: 85d3f7ac-e088-46d2-9673-ef01d1a71623
2025-02-12 19:06:01,607 - main - INFO - Extracting lap times
2025-02-12 19:06:02,387 - main - INFO - Successfully extracted lap data for race ID: 85d3f7ac-e088-46d2-9673-ef01d1a71623
2025-02-12 19:06:04,392 - main - INFO - Processing race ID: 19909955-d1ff-496a-adff-760ca90c323d
2025-02-12 19:06:04,393 - main - INFO - Extracting lap data for race ID: 19909955-d1ff-496a-adff-760ca90c323d
2025-02-12 19:06:07,648 - main - INFO - Extracting lap times
2025-02-12 19:06:08,442 - main - INFO - Successfully extracted lap data for race ID: 19909955-d1ff-496a-adff-760ca90c323d
2025-02-12 19:06:10,618 - main - INFO - Webdriver closed
2025-02-12 19:06:10,618 - main - INFO - Successfully processed data for user: priyank.shankar
2025-02-12 19:06:32,656 - main - INFO - Received request for user: priyank.shankar
2025-02-12 19:06:32,656 - main - INFO - Initialized RaceDataExtractor for user: priyank.shankar
2025-02-12 19:06:32,656 - main - INFO - Starting race processing for user: priyank.shankar
2025-02-12 19:06:32,657 - main - INFO - Setting up webdriver
2025-02-12 19:06:38,310 - main - INFO - Handling cookies popup
2025-02-12 19:06:38,423 - main - INFO - Cookie popup handled successfully
2025-02-12 19:06:38,423 - main - INFO - Webdriver setup successful
2025-02-12 19:06:38,423 - main - INFO - Extracting session data
2025-02-12 19:06:38,509 - main - INFO - Extracting profile information
2025-02-12 19:06:38,525 - main - INFO - Found profile - Name: Priyank Shankar, Location: Tokyo, Japan
2025-02-12 19:06:38,569 - main - INFO - Found 4 races
2025-02-12 19:06:38,569 - main - INFO - Processing race ID: be7c7c4e-9d58-421a-a6fd-429ffa42a2e8
2025-02-12 19:06:38,569 - main - INFO - Extracting lap data for race ID: be7c7c4e-9d58-421a-a6fd-429ffa42a2e8
2025-02-12 19:06:42,418 - main - INFO - Extracting lap times
2025-02-12 19:06:43,241 - main - INFO - Successfully extracted lap data for race ID: be7c7c4e-9d58-421a-a6fd-429ffa42a2e8
2025-02-12 19:06:45,246 - main - INFO - Processing race ID: b0998f4c-be49-4696-9e28-565d9d200af2
2025-02-12 19:06:45,247 - main - INFO - Extracting lap data for race ID: b0998f4c-be49-4696-9e28-565d9d200af2
2025-02-12 19:06:48,360 - main - INFO - Extracting lap times
2025-02-12 19:06:49,156 - main - INFO - Successfully extracted lap data for race ID: b0998f4c-be49-4696-9e28-565d9d200af2
2025-02-12 19:06:51,161 - main - INFO - Processing race ID: 85d3f7ac-e088-46d2-9673-ef01d1a71623
2025-02-12 19:06:51,161 - main - INFO - Extracting lap data for race ID: 85d3f7ac-e088-46d2-9673-ef01d1a71623
2025-02-12 19:06:53,247 - main - INFO - Extracting lap times
2025-02-12 19:06:54,045 - main - INFO - Successfully extracted lap data for race ID: 85d3f7ac-e088-46d2-9673-ef01d1a71623
2025-02-12 19:06:56,050 - main - INFO - Processing race ID: 19909955-d1ff-496a-adff-760ca90c323d
2025-02-12 19:06:56,050 - main - INFO - Extracting lap data for race ID: 19909955-d1ff-496a-adff-760ca90c323d
2025-02-12 19:06:59,423 - main - INFO - Extracting lap times
2025-02-12 19:07:00,205 - main - INFO - Successfully extracted lap data for race ID: 19909955-d1ff-496a-adff-760ca90c323d
2025-02-12 19:07:02,340 - main - INFO - Webdriver closed
2025-02-12 19:07:02,340 - main - INFO - Successfully processed data for user: priyank.shankar
2025-02-12 19:08:20,973 - main - INFO - Received request for user: priyank.shankar
2025-02-12 19:08:20,974 - main - INFO - Initialized RaceDataExtractor for user: priyank.shankar
2025-02-12 19:08:20,974 - main - INFO - Starting race processing for user: priyank.shankar
2025-02-12 19:08:20,975 - main - INFO - Setting up webdriver
2025-02-12 19:08:26,597 - main - INFO - Handling cookies popup
2025-02-12 19:08:26,690 - main - INFO - Cookie popup handled successfully
2025-02-12 19:08:26,690 - main - INFO - Webdriver setup successful
2025-02-12 19:08:26,691 - main - INFO - Extracting session data
2025-02-12 19:08:26,767 - main - INFO - Extracting profile information
2025-02-12 19:08:26,782 - main - INFO - Found profile - Name: Priyank Shankar, Location: Tokyo, Japan
2025-02-12 19:08:26,823 - main - INFO - Found 4 races
2025-02-12 19:08:26,823 - main - INFO - Processing race ID: be7c7c4e-9d58-421a-a6fd-429ffa42a2e8
2025-02-12 19:08:26,823 - main - INFO - Extracting lap data for race ID: be7c7c4e-9d58-421a-a6fd-429ffa42a2e8
2025-02-12 19:08:30,889 - main - INFO - Extracting lap times
2025-02-12 19:08:31,682 - main - INFO - Successfully extracted lap data for race ID: be7c7c4e-9d58-421a-a6fd-429ffa42a2e8
2025-02-12 19:08:33,684 - main - INFO - Processing race ID: b0998f4c-be49-4696-9e28-565d9d200af2
2025-02-12 19:08:33,684 - main - INFO - Extracting lap data for race ID: b0998f4c-be49-4696-9e28-565d9d200af2
2025-02-12 19:08:36,829 - main - INFO - Extracting lap times
2025-02-12 19:08:37,635 - main - INFO - Successfully extracted lap data for race ID: b0998f4c-be49-4696-9e28-565d9d200af2
2025-02-12 19:08:39,640 - main - INFO - Processing race ID: 85d3f7ac-e088-46d2-9673-ef01d1a71623
2025-02-12 19:08:39,641 - main - INFO - Extracting lap data for race ID: 85d3f7ac-e088-46d2-9673-ef01d1a71623
2025-02-12 19:08:41,738 - main - INFO - Extracting lap times
2025-02-12 19:08:42,535 - main - INFO - Successfully extracted lap data for race ID: 85d3f7ac-e088-46d2-9673-ef01d1a71623
2025-02-12 19:08:44,540 - main - INFO - Processing race ID: 19909955-d1ff-496a-adff-760ca90c323d
2025-02-12 19:08:44,541 - main - INFO - Extracting lap data for race ID: 19909955-d1ff-496a-adff-760ca90c323d
2025-02-12 19:08:47,757 - main - INFO - Extracting lap times
2025-02-12 19:08:48,566 - main - INFO - Successfully extracted lap data for race ID: 19909955-d1ff-496a-adff-760ca90c323d
2025-02-12 19:08:50,733 - main - INFO - Webdriver closed
2025-02-12 19:08:50,733 - main - INFO - Successfully processed data for user: priyank.shankar
2025-02-12 19:10:02,323 - main - INFO - Received request for user: priyank.shankar
2025-02-12 19:10:02,324 - main - INFO - Initialized RaceDataExtractor for user: priyank.shankar
2025-02-12 19:10:02,324 - main - INFO - Starting race processing for user: priyank.shankar
2025-02-12 19:10:02,324 - main - INFO - Setting up webdriver
2025-02-12 19:10:08,334 - main - INFO - Handling cookies popup
2025-02-12 19:10:08,421 - main - INFO - Cookie popup handled successfully
2025-02-12 19:10:08,421 - main - INFO - Webdriver setup successful
2025-02-12 19:10:08,421 - main - INFO - Extracting session data
2025-02-12 19:10:08,500 - main - INFO - Extracting profile information
2025-02-12 19:10:08,515 - main - INFO - Found profile - Name: Priyank Shankar, Location: Tokyo, Japan
2025-02-12 19:10:08,556 - main - INFO - Found 4 races
2025-02-12 19:10:08,556 - main - INFO - Processing race ID: be7c7c4e-9d58-421a-a6fd-429ffa42a2e8
2025-02-12 19:10:08,556 - main - INFO - Extracting lap data for race ID: be7c7c4e-9d58-421a-a6fd-429ffa42a2e8
2025-02-12 19:10:12,309 - main - INFO - Extracting lap times
2025-02-12 19:10:13,112 - main - INFO - Successfully extracted lap data for race ID: be7c7c4e-9d58-421a-a6fd-429ffa42a2e8
2025-02-12 19:10:15,118 - main - INFO - Processing race ID: b0998f4c-be49-4696-9e28-565d9d200af2
2025-02-12 19:10:15,118 - main - INFO - Extracting lap data for race ID: b0998f4c-be49-4696-9e28-565d9d200af2
2025-02-12 19:10:23,579 - main - INFO - Extracting lap times
2025-02-12 19:10:24,414 - main - INFO - Successfully extracted lap data for race ID: b0998f4c-be49-4696-9e28-565d9d200af2
2025-02-12 19:10:26,420 - main - INFO - Processing race ID: 85d3f7ac-e088-46d2-9673-ef01d1a71623
2025-02-12 19:10:26,420 - main - INFO - Extracting lap data for race ID: 85d3f7ac-e088-46d2-9673-ef01d1a71623
2025-02-12 19:10:29,872 - main - INFO - Extracting lap times
2025-02-12 19:10:30,660 - main - INFO - Successfully extracted lap data for race ID: 85d3f7ac-e088-46d2-9673-ef01d1a71623
2025-02-12 19:10:32,662 - main - INFO - Processing race ID: 19909955-d1ff-496a-adff-760ca90c323d
2025-02-12 19:10:32,662 - main - INFO - Extracting lap data for race ID: 19909955-d1ff-496a-adff-760ca90c323d
2025-02-12 19:10:37,010 - main - INFO - Extracting lap times
2025-02-12 19:10:37,780 - main - INFO - Successfully extracted lap data for race ID: 19909955-d1ff-496a-adff-760ca90c323d
2025-02-12 19:10:39,917 - main - INFO - Webdriver closed
2025-02-12 19:10:39,917 - main - INFO - Successfully processed data for user: priyank.shankar
2025-02-12 19:12:15,627 - main - INFO - Received request for user: priyank.shankar
2025-02-12 19:12:15,628 - main - INFO - Initialized RaceDataExtractor for user: priyank.shankar
2025-02-12 19:12:15,628 - main - INFO - Starting race processing for user: priyank.shankar
2025-02-12 19:12:15,628 - main - INFO - Setting up webdriver
2025-02-12 19:12:21,446 - main - INFO - Handling cookies popup
2025-02-12 19:12:21,531 - main - INFO - Cookie popup handled successfully
2025-02-12 19:12:21,531 - main - INFO - Webdriver setup successful
2025-02-12 19:12:21,531 - main - INFO - Extracting session data
2025-02-12 19:12:21,607 - main - INFO - Extracting profile information
2025-02-12 19:12:21,622 - main - INFO - Found profile - Name: Priyank Shankar, Location: Tokyo, Japan
2025-02-12 19:12:21,660 - main - INFO - Found 4 races
2025-02-12 19:12:21,660 - main - INFO - Processing race ID: be7c7c4e-9d58-421a-a6fd-429ffa42a2e8
2025-02-12 19:12:21,660 - main - INFO - Extracting lap data for race ID: be7c7c4e-9d58-421a-a6fd-429ffa42a2e8
2025-02-12 19:12:25,279 - main - INFO - Extracting lap times
2025-02-12 19:12:26,144 - main - INFO - Successfully extracted lap data for race ID: be7c7c4e-9d58-421a-a6fd-429ffa42a2e8
2025-02-12 19:12:28,149 - main - INFO - Processing race ID: b0998f4c-be49-4696-9e28-565d9d200af2
2025-02-12 19:12:28,150 - main - INFO - Extracting lap data for race ID: b0998f4c-be49-4696-9e28-565d9d200af2
2025-02-12 19:12:31,250 - main - INFO - Extracting lap times
2025-02-12 19:12:32,094 - main - INFO - Successfully extracted lap data for race ID: b0998f4c-be49-4696-9e28-565d9d200af2
2025-02-12 19:12:34,100 - main - INFO - Processing race ID: 85d3f7ac-e088-46d2-9673-ef01d1a71623
2025-02-12 19:12:34,100 - main - INFO - Extracting lap data for race ID: 85d3f7ac-e088-46d2-9673-ef01d1a71623
2025-02-12 19:12:36,285 - main - INFO - Extracting lap times
2025-02-12 19:12:37,130 - main - INFO - Successfully extracted lap data for race ID: 85d3f7ac-e088-46d2-9673-ef01d1a71623
2025-02-12 19:12:39,136 - main - INFO - Processing race ID: 19909955-d1ff-496a-adff-760ca90c323d
2025-02-12 19:12:39,136 - main - INFO - Extracting lap data for race ID: 19909955-d1ff-496a-adff-760ca90c323d
2025-02-12 19:12:42,496 - main - INFO - Extracting lap times
2025-02-12 19:12:43,331 - main - INFO - Successfully extracted lap data for race ID: 19909955-d1ff-496a-adff-760ca90c323d
2025-02-12 19:12:45,506 - main - INFO - Webdriver closed
2025-02-12 19:12:45,506 - main - INFO - Successfully processed data for user: priyank.shankar
2025-02-12 19:13:04,106 - main - INFO - Received request for user: priyank.shankar
2025-02-12 19:13:04,106 - main - INFO - Initialized RaceDataExtractor for user: priyank.shankar
2025-02-12 19:13:04,106 - main - INFO - Starting race processing for user: priyank.shankar
2025-02-12 19:13:04,106 - main - INFO - Setting up webdriver
2025-02-12 19:13:09,444 - main - INFO - Handling cookies popup
2025-02-12 19:13:09,533 - main - INFO - Cookie popup handled successfully
2025-02-12 19:13:09,533 - main - INFO - Webdriver setup successful
2025-02-12 19:13:09,533 - main - INFO - Extracting session data
2025-02-12 19:13:09,611 - main - INFO - Extracting profile information
2025-02-12 19:13:09,625 - main - INFO - Found profile - Name: Priyank Shankar, Location: Tokyo, Japan
2025-02-12 19:13:09,662 - main - INFO - Found 4 races
2025-02-12 19:13:09,662 - main - INFO - Processing race ID: be7c7c4e-9d58-421a-a6fd-429ffa42a2e8
2025-02-12 19:13:09,662 - main - INFO - Extracting lap data for race ID: be7c7c4e-9d58-421a-a6fd-429ffa42a2e8
2025-02-12 19:13:15,105 - main - INFO - Extracting lap times
2025-02-12 19:13:15,879 - main - INFO - Successfully extracted lap data for race ID: be7c7c4e-9d58-421a-a6fd-429ffa42a2e8
2025-02-12 19:13:17,880 - main - INFO - Processing race ID: b0998f4c-be49-4696-9e28-565d9d200af2
2025-02-12 19:13:17,880 - main - INFO - Extracting lap data for race ID: b0998f4c-be49-4696-9e28-565d9d200af2
2025-02-12 19:13:21,412 - main - INFO - Extracting lap times
2025-02-12 19:13:22,178 - main - INFO - Successfully extracted lap data for race ID: b0998f4c-be49-4696-9e28-565d9d200af2
2025-02-12 19:13:24,179 - main - INFO - Processing race ID: 85d3f7ac-e088-46d2-9673-ef01d1a71623
2025-02-12 19:13:24,179 - main - INFO - Extracting lap data for race ID: 85d3f7ac-e088-46d2-9673-ef01d1a71623
2025-02-12 19:13:26,853 - main - INFO - Extracting lap times
2025-02-12 19:13:27,609 - main - INFO - Successfully extracted lap data for race ID: 85d3f7ac-e088-46d2-9673-ef01d1a71623
2025-02-12 19:13:29,611 - main - INFO - Processing race ID: 19909955-d1ff-496a-adff-760ca90c323d
2025-02-12 19:13:29,611 - main - INFO - Extracting lap data for race ID: 19909955-d1ff-496a-adff-760ca90c323d
2025-02-12 19:13:33,714 - main - INFO - Extracting lap times
2025-02-12 19:13:34,455 - main - INFO - Successfully extracted lap data for race ID: 19909955-d1ff-496a-adff-760ca90c323d
2025-02-12 19:13:36,599 - main - INFO - Webdriver closed
2025-02-12 19:13:36,600 - main - INFO - Successfully processed data for user: priyank.shankar
2025-02-12 19:16:41,279 - main - INFO - Received request for user: priyank.shankar
2025-02-12 19:16:41,279 - main - INFO - Initialized RaceDataExtractor for user: priyank.shankar
2025-02-12 19:16:41,280 - main - INFO - Starting race processing for user: priyank.shankar
2025-02-12 19:16:41,280 - main - INFO - Setting up webdriver
2025-02-12 19:16:47,312 - main - INFO - Handling cookies popup
2025-02-12 19:16:47,407 - main - INFO - Cookie popup handled successfully
2025-02-12 19:16:47,407 - main - INFO - Webdriver setup successful
2025-02-12 19:16:47,407 - main - INFO - Extracting session data
2025-02-12 19:16:47,480 - main - INFO - Extracting profile information
2025-02-12 19:16:47,495 - main - INFO - Found profile - Name: Priyank Shankar, Location: Tokyo, Japan
2025-02-12 19:16:47,533 - main - INFO - Found 4 races
2025-02-12 19:16:47,533 - main - INFO - Processing race ID: be7c7c4e-9d58-421a-a6fd-429ffa42a2e8
2025-02-12 19:16:47,533 - main - INFO - Extracting lap data for race ID: be7c7c4e-9d58-421a-a6fd-429ffa42a2e8
2025-02-12 19:16:52,523 - main - INFO - Extracting lap times
2025-02-12 19:16:53,302 - main - INFO - Successfully extracted lap data for race ID: be7c7c4e-9d58-421a-a6fd-429ffa42a2e8
2025-02-12 19:16:55,307 - main - INFO - Processing race ID: b0998f4c-be49-4696-9e28-565d9d200af2
2025-02-12 19:16:55,307 - main - INFO - Extracting lap data for race ID: b0998f4c-be49-4696-9e28-565d9d200af2
2025-02-12 19:16:58,817 - main - INFO - Extracting lap times
2025-02-12 19:16:59,918 - main - INFO - Successfully extracted lap data for race ID: b0998f4c-be49-4696-9e28-565d9d200af2
2025-02-12 19:17:01,923 - main - INFO - Processing race ID: 85d3f7ac-e088-46d2-9673-ef01d1a71623
2025-02-12 19:17:01,924 - main - INFO - Extracting lap data for race ID: 85d3f7ac-e088-46d2-9673-ef01d1a71623
2025-02-12 19:17:04,554 - main - INFO - Extracting lap times
2025-02-12 19:17:05,312 - main - INFO - Successfully extracted lap data for race ID: 85d3f7ac-e088-46d2-9673-ef01d1a71623
2025-02-12 19:17:07,317 - main - INFO - Processing race ID: 19909955-d1ff-496a-adff-760ca90c323d
2025-02-12 19:17:07,317 - main - INFO - Extracting lap data for race ID: 19909955-d1ff-496a-adff-760ca90c323d
2025-02-12 19:17:10,859 - main - INFO - Extracting lap times
2025-02-12 19:17:11,619 - main - INFO - Successfully extracted lap data for race ID: 19909955-d1ff-496a-adff-760ca90c323d
2025-02-12 19:17:13,755 - main - INFO - Webdriver closed
2025-02-12 19:17:13,755 - main - INFO - Successfully processed data for user: priyank.shankar
2025-02-12 19:17:13,756 - main - INFO - Received request for user: priyank.shankar
2025-02-12 19:17:13,756 - main - INFO - Initialized RaceDataExtractor for user: priyank.shankar
2025-02-12 19:17:13,756 - main - INFO - Starting race processing for user: priyank.shankar
2025-02-12 19:17:13,756 - main - INFO - Setting up webdriver
2025-02-12 19:17:19,029 - main - INFO - Handling cookies popup
2025-02-12 19:17:19,095 - main - INFO - Cookie popup handled successfully
2025-02-12 19:17:19,095 - main - INFO - Webdriver setup successful
2025-02-12 19:17:19,095 - main - INFO - Extracting session data
2025-02-12 19:17:19,176 - main - INFO - Extracting profile information
2025-02-12 19:17:19,190 - main - INFO - Found profile - Name: Priyank Shankar, Location: Tokyo, Japan
2025-02-12 19:17:19,231 - main - INFO - Found 4 races
2025-02-12 19:17:19,231 - main - INFO - Processing race ID: be7c7c4e-9d58-421a-a6fd-429ffa42a2e8
2025-02-12 19:17:19,231 - main - INFO - Extracting lap data for race ID: be7c7c4e-9d58-421a-a6fd-429ffa42a2e8
2025-02-12 19:17:24,533 - main - INFO - Extracting lap times
2025-02-12 19:17:25,295 - main - INFO - Successfully extracted lap data for race ID: be7c7c4e-9d58-421a-a6fd-429ffa42a2e8
2025-02-12 19:17:27,300 - main - INFO - Processing race ID: b0998f4c-be49-4696-9e28-565d9d200af2
2025-02-12 19:17:27,301 - main - INFO - Extracting lap data for race ID: b0998f4c-be49-4696-9e28-565d9d200af2
2025-02-12 19:17:30,525 - main - INFO - Extracting lap times
2025-02-12 19:17:31,297 - main - INFO - Successfully extracted lap data for race ID: b0998f4c-be49-4696-9e28-565d9d200af2
2025-02-12 19:17:33,302 - main - INFO - Processing race ID: 85d3f7ac-e088-46d2-9673-ef01d1a71623
2025-02-12 19:17:33,303 - main - INFO - Extracting lap data for race ID: 85d3f7ac-e088-46d2-9673-ef01d1a71623
2025-02-12 19:17:35,462 - main - INFO - Extracting lap times
2025-02-12 19:17:36,202 - main - INFO - Successfully extracted lap data for race ID: 85d3f7ac-e088-46d2-9673-ef01d1a71623
2025-02-12 19:17:38,207 - main - INFO - Processing race ID: 19909955-d1ff-496a-adff-760ca90c323d
2025-02-12 19:17:38,207 - main - INFO - Extracting lap data for race ID: 19909955-d1ff-496a-adff-760ca90c323d
2025-02-12 19:17:41,428 - main - INFO - Extracting lap times
2025-02-12 19:17:42,158 - main - INFO - Successfully extracted lap data for race ID: 19909955-d1ff-496a-adff-760ca90c323d
2025-02-12 19:17:44,312 - main - INFO - Webdriver closed
2025-02-12 19:17:44,312 - main - INFO - Successfully processed data for user: priyank.shankar
2025-02-12 19:19:27,338 - main - INFO - Received request for user: priyank.shankar
2025-02-12 19:19:27,339 - main - INFO - Initialized RaceDataExtractor for user: priyank.shankar
2025-02-12 19:19:27,339 - main - INFO - Starting race processing for user: priyank.shankar
2025-02-12 19:19:27,339 - main - INFO - Setting up webdriver
2025-02-12 19:19:32,807 - main - INFO - Handling cookies popup
2025-02-12 19:19:32,902 - main - INFO - Cookie popup handled successfully
2025-02-12 19:19:32,902 - main - INFO - Webdriver setup successful
2025-02-12 19:19:32,902 - main - INFO - Extracting session data
2025-02-12 19:19:32,985 - main - INFO - Extracting profile information
2025-02-12 19:19:33,001 - main - INFO - Found profile - Name: Priyank Shankar, Location: Tokyo, Japan
2025-02-12 19:19:33,041 - main - INFO - Found 4 races
2025-02-12 19:19:33,041 - main - INFO - Processing race ID: be7c7c4e-9d58-421a-a6fd-429ffa42a2e8
2025-02-12 19:19:33,042 - main - INFO - Extracting lap data for race ID: be7c7c4e-9d58-421a-a6fd-429ffa42a2e8
2025-02-12 19:19:37,057 - main - INFO - Extracting lap times
2025-02-12 19:19:37,829 - main - INFO - Successfully extracted lap data for race ID: be7c7c4e-9d58-421a-a6fd-429ffa42a2e8
2025-02-12 19:19:39,834 - main - INFO - Processing race ID: b0998f4c-be49-4696-9e28-565d9d200af2
2025-02-12 19:19:39,835 - main - INFO - Extracting lap data for race ID: b0998f4c-be49-4696-9e28-565d9d200af2
2025-02-12 19:19:43,159 - main - INFO - Extracting lap times
2025-02-12 19:19:43,973 - main - INFO - Successfully extracted lap data for race ID: b0998f4c-be49-4696-9e28-565d9d200af2
2025-02-12 19:19:45,979 - main - INFO - Processing race ID: 85d3f7ac-e088-46d2-9673-ef01d1a71623
2025-02-12 19:19:45,979 - main - INFO - Extracting lap data for race ID: 85d3f7ac-e088-46d2-9673-ef01d1a71623
2025-02-12 19:19:48,428 - main - INFO - Extracting lap times
2025-02-12 19:19:49,220 - main - INFO - Successfully extracted lap data for race ID: 85d3f7ac-e088-46d2-9673-ef01d1a71623
2025-02-12 19:19:51,225 - main - INFO - Processing race ID: 19909955-d1ff-496a-adff-760ca90c323d
2025-02-12 19:19:51,226 - main - INFO - Extracting lap data for race ID: 19909955-d1ff-496a-adff-760ca90c323d
2025-02-12 19:19:54,577 - main - INFO - Extracting lap times
2025-02-12 19:19:55,384 - main - INFO - Successfully extracted lap data for race ID: 19909955-d1ff-496a-adff-760ca90c323d
2025-02-12 19:19:57,531 - main - INFO - Webdriver closed
2025-02-12 19:19:57,531 - main - INFO - Successfully processed data for user: priyank.shankar
2025-02-12 19:48:10,038 - main - INFO - Received request for user: priyank.shankar
2025-02-12 19:48:10,038 - main - INFO - Initialized RaceDataExtractor for user: priyank.shankar
2025-02-12 19:48:10,039 - main - INFO - Starting race processing for user: priyank.shankar
2025-02-12 19:48:10,039 - main - INFO - Setting up webdriver
2025-02-12 19:48:16,431 - main - INFO - Handling cookies popup
2025-02-12 19:48:16,591 - main - INFO - Cookie popup handled successfully
2025-02-12 19:48:16,591 - main - INFO - Webdriver setup successful
2025-02-12 19:48:16,591 - main - INFO - Extracting session data
2025-02-12 19:48:16,684 - main - INFO - Extracting profile information
2025-02-12 19:48:16,700 - main - INFO - Found profile - Name: Priyank Shankar, Location: Tokyo, Japan
2025-02-12 19:48:16,744 - main - INFO - Found 4 races
2025-02-12 19:48:16,744 - main - INFO - Processing race ID: be7c7c4e-9d58-421a-a6fd-429ffa42a2e8
2025-02-12 19:48:16,744 - main - INFO - Extracting lap data for race ID: be7c7c4e-9d58-421a-a6fd-429ffa42a2e8
2025-02-12 19:48:20,143 - main - INFO - Extracting lap times
2025-02-12 19:48:21,019 - main - INFO - Successfully extracted lap data for race ID: be7c7c4e-9d58-421a-a6fd-429ffa42a2e8
2025-02-12 19:48:23,024 - main - INFO - Processing race ID: b0998f4c-be49-4696-9e28-565d9d200af2
2025-02-12 19:48:23,024 - main - INFO - Extracting lap data for race ID: b0998f4c-be49-4696-9e28-565d9d200af2
2025-02-12 19:48:26,306 - main - INFO - Extracting lap times
2025-02-12 19:48:27,225 - main - INFO - Successfully extracted lap data for race ID: b0998f4c-be49-4696-9e28-565d9d200af2
2025-02-12 19:48:29,228 - main - INFO - Processing race ID: 85d3f7ac-e088-46d2-9673-ef01d1a71623
2025-02-12 19:48:29,229 - main - INFO - Extracting lap data for race ID: 85d3f7ac-e088-46d2-9673-ef01d1a71623
2025-02-12 19:48:31,563 - main - INFO - Extracting lap times
2025-02-12 19:48:32,510 - main - INFO - Successfully extracted lap data for race ID: 85d3f7ac-e088-46d2-9673-ef01d1a71623
2025-02-12 19:48:34,515 - main - INFO - Processing race ID: 19909955-d1ff-496a-adff-760ca90c323d
2025-02-12 19:48:34,516 - main - INFO - Extracting lap data for race ID: 19909955-d1ff-496a-adff-760ca90c323d
2025-02-12 19:48:37,739 - main - INFO - Extracting lap times
2025-02-12 19:48:38,660 - main - INFO - Successfully extracted lap data for race ID: 19909955-d1ff-496a-adff-760ca90c323d
2025-02-12 19:48:40,819 - main - INFO - Webdriver closed
2025-02-12 19:48:40,819 - main - INFO - Successfully processed data for user: priyank.shankar
2025-02-12 19:51:15,277 - main - INFO - Received request for user: priyank.shankar
2025-02-12 19:51:15,278 - main - INFO - Initialized RaceDataExtractor for user: priyank.shankar
2025-02-12 19:51:15,278 - main - INFO - Starting race processing for user: priyank.shankar
2025-02-12 19:51:15,278 - main - INFO - Setting up webdriver
2025-02-12 19:51:21,303 - main - INFO - Handling cookies popup
2025-02-12 19:51:21,438 - main - INFO - Cookie popup handled successfully
2025-02-12 19:51:21,438 - main - INFO - Webdriver setup successful
2025-02-12 19:51:21,438 - main - INFO - Extracting session data
2025-02-12 19:51:21,534 - main - INFO - Extracting profile information
2025-02-12 19:51:21,551 - main - INFO - Found profile - Name: Priyank Shankar, Location: Tokyo, Japan
2025-02-12 19:51:21,593 - main - INFO - Found 4 races
2025-02-12 19:51:21,593 - main - INFO - Processing race ID: be7c7c4e-9d58-421a-a6fd-429ffa42a2e8
2025-02-12 19:51:21,593 - main - INFO - Extracting lap data for race ID: be7c7c4e-9d58-421a-a6fd-429ffa42a2e8
2025-02-12 19:51:25,007 - main - INFO - Extracting lap times
2025-02-12 19:51:25,838 - main - INFO - Successfully extracted lap data for race ID: be7c7c4e-9d58-421a-a6fd-429ffa42a2e8
2025-02-12 19:51:27,843 - main - INFO - Processing race ID: b0998f4c-be49-4696-9e28-565d9d200af2
2025-02-12 19:51:27,843 - main - INFO - Extracting lap data for race ID: b0998f4c-be49-4696-9e28-565d9d200af2
2025-02-12 19:51:31,589 - main - INFO - Extracting lap times
2025-02-12 19:51:32,425 - main - INFO - Successfully extracted lap data for race ID: b0998f4c-be49-4696-9e28-565d9d200af2
2025-02-12 19:51:34,430 - main - INFO - Processing race ID: 85d3f7ac-e088-46d2-9673-ef01d1a71623
2025-02-12 19:51:34,430 - main - INFO - Extracting lap data for race ID: 85d3f7ac-e088-46d2-9673-ef01d1a71623
2025-02-12 19:51:36,906 - main - INFO - Extracting lap times
2025-02-12 19:51:37,660 - main - INFO - Successfully extracted lap data for race ID: 85d3f7ac-e088-46d2-9673-ef01d1a71623
2025-02-12 19:51:39,666 - main - INFO - Processing race ID: 19909955-d1ff-496a-adff-760ca90c323d
2025-02-12 19:51:39,666 - main - INFO - Extracting lap data for race ID: 19909955-d1ff-496a-adff-760ca90c323d
2025-02-12 19:51:43,058 - main - INFO - Extracting lap times
2025-02-12 19:51:43,835 - main - INFO - Successfully extracted lap data for race ID: 19909955-d1ff-496a-adff-760ca90c323d
2025-02-12 19:51:45,984 - main - INFO - Webdriver closed
2025-02-12 19:51:45,984 - main - INFO - Successfully processed data for user: priyank.shankar
2025-02-12 19:53:06,199 - main - INFO - Received request for user: priyank.shankar
2025-02-12 19:53:06,200 - main - INFO - Initialized RaceDataExtractor for user: priyank.shankar
2025-02-12 19:53:06,200 - main - INFO - Starting race processing for user: priyank.shankar
2025-02-12 19:53:06,201 - main - INFO - Setting up webdriver
2025-02-12 19:53:12,315 - main - INFO - Handling cookies popup
2025-02-12 19:53:12,444 - main - INFO - Cookie popup handled successfully
2025-02-12 19:53:12,444 - main - INFO - Webdriver setup successful
2025-02-12 19:53:12,444 - main - INFO - Extracting session data
2025-02-12 19:53:12,530 - main - INFO - Extracting profile information
2025-02-12 19:53:12,548 - main - INFO - Found profile - Name: Priyank Shankar, Location: Tokyo, Japan
2025-02-12 19:53:12,594 - main - INFO - Found 4 races
2025-02-12 19:53:12,594 - main - INFO - Processing race ID: be7c7c4e-9d58-421a-a6fd-429ffa42a2e8
2025-02-12 19:53:12,594 - main - INFO - Extracting lap data for race ID: be7c7c4e-9d58-421a-a6fd-429ffa42a2e8
2025-02-12 19:53:15,838 - main - INFO - Extracting lap times
2025-02-12 19:53:16,674 - main - INFO - Successfully extracted lap data for race ID: be7c7c4e-9d58-421a-a6fd-429ffa42a2e8
2025-02-12 19:53:18,677 - main - INFO - Processing race ID: b0998f4c-be49-4696-9e28-565d9d200af2
2025-02-12 19:53:18,677 - main - INFO - Extracting lap data for race ID: b0998f4c-be49-4696-9e28-565d9d200af2
2025-02-12 19:53:21,910 - main - INFO - Extracting lap times
2025-02-12 19:53:22,749 - main - INFO - Successfully extracted lap data for race ID: b0998f4c-be49-4696-9e28-565d9d200af2
2025-02-12 19:53:24,755 - main - INFO - Processing race ID: 85d3f7ac-e088-46d2-9673-ef01d1a71623
2025-02-12 19:53:24,755 - main - INFO - Extracting lap data for race ID: 85d3f7ac-e088-46d2-9673-ef01d1a71623
2025-02-12 19:53:26,925 - main - INFO - Extracting lap times
2025-02-12 19:53:27,789 - main - INFO - Successfully extracted lap data for race ID: 85d3f7ac-e088-46d2-9673-ef01d1a71623
2025-02-12 19:53:29,794 - main - INFO - Processing race ID: 19909955-d1ff-496a-adff-760ca90c323d
2025-02-12 19:53:29,796 - main - INFO - Extracting lap data for race ID: 19909955-d1ff-496a-adff-760ca90c323d
2025-02-12 19:53:33,066 - main - INFO - Extracting lap times
2025-02-12 19:53:33,901 - main - INFO - Successfully extracted lap data for race ID: 19909955-d1ff-496a-adff-760ca90c323d
2025-02-12 19:53:36,052 - main - INFO - Webdriver closed
2025-02-12 19:53:36,052 - main - INFO - Successfully processed data for user: priyank.shankar
2025-02-12 19:56:04,810 - main - INFO - Received request for user: priyank.shankar
2025-02-12 19:56:04,811 - main - INFO - Initialized RaceDataExtractor for user: priyank.shankar
2025-02-12 19:56:04,812 - main - INFO - Starting race processing for user: priyank.shankar
2025-02-12 19:56:04,812 - main - INFO - Setting up webdriver
2025-02-12 19:56:10,856 - main - INFO - Handling cookies popup
2025-02-12 19:56:10,961 - main - INFO - Cookie popup handled successfully
2025-02-12 19:56:10,961 - main - INFO - Webdriver setup successful
2025-02-12 19:56:10,961 - main - INFO - Extracting session data
2025-02-12 19:56:11,064 - main - INFO - Extracting profile information
2025-02-12 19:56:11,082 - main - INFO - Found profile - Name: Priyank Shankar, Location: Tokyo, Japan
2025-02-12 19:56:11,131 - main - INFO - Found 4 races
2025-02-12 19:56:11,131 - main - INFO - Processing race ID: be7c7c4e-9d58-421a-a6fd-429ffa42a2e8
2025-02-12 19:56:11,131 - main - INFO - Extracting lap data for race ID: be7c7c4e-9d58-421a-a6fd-429ffa42a2e8
2025-02-12 19:56:14,854 - main - INFO - Extracting lap times
2025-02-12 19:56:15,720 - main - INFO - Successfully extracted lap data for race ID: be7c7c4e-9d58-421a-a6fd-429ffa42a2e8
2025-02-12 19:56:17,725 - main - INFO - Processing race ID: b0998f4c-be49-4696-9e28-565d9d200af2
2025-02-12 19:56:17,725 - main - INFO - Extracting lap data for race ID: b0998f4c-be49-4696-9e28-565d9d200af2
2025-02-12 19:56:21,281 - main - INFO - Extracting lap times
2025-02-12 19:56:22,441 - main - INFO - Successfully extracted lap data for race ID: b0998f4c-be49-4696-9e28-565d9d200af2
2025-02-12 19:56:24,444 - main - INFO - Processing race ID: 85d3f7ac-e088-46d2-9673-ef01d1a71623
2025-02-12 19:56:24,444 - main - INFO - Extracting lap data for race ID: 85d3f7ac-e088-46d2-9673-ef01d1a71623
2025-02-12 19:56:27,022 - main - INFO - Extracting lap times
2025-02-12 19:56:27,939 - main - INFO - Successfully extracted lap data for race ID: 85d3f7ac-e088-46d2-9673-ef01d1a71623
2025-02-12 19:56:29,944 - main - INFO - Processing race ID: 19909955-d1ff-496a-adff-760ca90c323d
2025-02-12 19:56:29,945 - main - INFO - Extracting lap data for race ID: 19909955-d1ff-496a-adff-760ca90c323d
2025-02-12 19:56:33,471 - main - INFO - Extracting lap times
2025-02-12 19:56:34,254 - main - INFO - Successfully extracted lap data for race ID: 19909955-d1ff-496a-adff-760ca90c323d
2025-02-12 19:56:36,413 - main - INFO - Webdriver closed
2025-02-12 19:56:36,413 - main - INFO - Successfully processed data for user: priyank.shankar
2025-02-12 19:56:55,796 - main - INFO - Received request for user: priyank.shankar
2025-02-12 19:56:55,796 - main - INFO - Initialized RaceDataExtractor for user: priyank.shankar
2025-02-12 19:56:55,797 - main - INFO - Starting race processing for user: priyank.shankar
2025-02-12 19:56:55,797 - main - INFO - Setting up webdriver
2025-02-12 19:57:01,310 - main - INFO - Handling cookies popup
2025-02-12 19:57:01,398 - main - INFO - Cookie popup handled successfully
2025-02-12 19:57:01,399 - main - INFO - Webdriver setup successful
2025-02-12 19:57:01,399 - main - INFO - Extracting session data
2025-02-12 19:57:01,488 - main - INFO - Extracting profile information
2025-02-12 19:57:01,509 - main - INFO - Found profile - Name: Priyank Shankar, Location: Tokyo, Japan
2025-02-12 19:57:01,556 - main - INFO - Found 4 races
2025-02-12 19:57:01,556 - main - INFO - Processing race ID: be7c7c4e-9d58-421a-a6fd-429ffa42a2e8
2025-02-12 19:57:01,556 - main - INFO - Extracting lap data for race ID: be7c7c4e-9d58-421a-a6fd-429ffa42a2e8
2025-02-12 19:57:04,576 - main - INFO - Extracting lap times
2025-02-12 19:57:05,524 - main - INFO - Successfully extracted lap data for race ID: be7c7c4e-9d58-421a-a6fd-429ffa42a2e8
2025-02-12 19:57:07,525 - main - INFO - Processing race ID: b0998f4c-be49-4696-9e28-565d9d200af2
2025-02-12 19:57:07,525 - main - INFO - Extracting lap data for race ID: b0998f4c-be49-4696-9e28-565d9d200af2
2025-02-12 19:57:10,954 - main - INFO - Extracting lap times
2025-02-12 19:57:11,874 - main - INFO - Successfully extracted lap data for race ID: b0998f4c-be49-4696-9e28-565d9d200af2
2025-02-12 19:57:13,880 - main - INFO - Processing race ID: 85d3f7ac-e088-46d2-9673-ef01d1a71623
2025-02-12 19:57:13,880 - main - INFO - Extracting lap data for race ID: 85d3f7ac-e088-46d2-9673-ef01d1a71623
2025-02-12 19:57:16,158 - main - INFO - Extracting lap times
2025-02-12 19:57:17,087 - main - INFO - Successfully extracted lap data for race ID: 85d3f7ac-e088-46d2-9673-ef01d1a71623
2025-02-12 19:57:19,088 - main - INFO - Processing race ID: 19909955-d1ff-496a-adff-760ca90c323d
2025-02-12 19:57:19,088 - main - INFO - Extracting lap data for race ID: 19909955-d1ff-496a-adff-760ca90c323d
2025-02-12 19:57:22,642 - main - INFO - Extracting lap times
2025-02-12 19:57:23,563 - main - INFO - Successfully extracted lap data for race ID: 19909955-d1ff-496a-adff-760ca90c323d
2025-02-12 19:57:25,718 - main - INFO - Webdriver closed
2025-02-12 19:57:25,718 - main - INFO - Successfully processed data for user: priyank.shankar
2025-02-12 21:06:47,927 - main - INFO - Received request for user: priyank.shankar
2025-02-12 21:06:47,928 - main - INFO - Initialized RaceDataExtractor for user: priyank.shankar
2025-02-12 21:06:47,928 - main - INFO - Starting race processing for user: priyank.shankar
2025-02-12 21:06:47,928 - main - INFO - Setting up webdriver
2025-02-12 21:06:58,272 - main - INFO - Handling cookies popup
2025-02-12 21:06:58,376 - main - INFO - Cookie popup handled successfully
2025-02-12 21:06:58,376 - main - INFO - Webdriver setup successful
2025-02-12 21:06:58,377 - main - INFO - Extracting session data
2025-02-12 21:06:58,485 - main - INFO - Extracting profile information
2025-02-12 21:06:58,504 - main - INFO - Found profile - Name: Priyank Shankar, Location: Tokyo, Japan
2025-02-12 21:06:58,571 - main - INFO - Found 4 races
2025-02-12 21:06:58,571 - main - INFO - Processing race ID: be7c7c4e-9d58-421a-a6fd-429ffa42a2e8
2025-02-12 21:06:58,571 - main - INFO - Extracting lap data for race ID: be7c7c4e-9d58-421a-a6fd-429ffa42a2e8
2025-02-12 21:07:02,476 - main - INFO - Extracting lap times
2025-02-12 21:07:03,347 - main - INFO - Successfully extracted lap data for race ID: be7c7c4e-9d58-421a-a6fd-429ffa42a2e8
2025-02-12 21:07:05,350 - main - INFO - Processing race ID: b0998f4c-be49-4696-9e28-565d9d200af2
2025-02-12 21:07:05,350 - main - INFO - Extracting lap data for race ID: b0998f4c-be49-4696-9e28-565d9d200af2
2025-02-12 21:07:09,240 - main - INFO - Extracting lap times
2025-02-12 21:07:10,161 - main - INFO - Successfully extracted lap data for race ID: b0998f4c-be49-4696-9e28-565d9d200af2
2025-02-12 21:07:12,167 - main - INFO - Processing race ID: 85d3f7ac-e088-46d2-9673-ef01d1a71623
2025-02-12 21:07:12,167 - main - INFO - Extracting lap data for race ID: 85d3f7ac-e088-46d2-9673-ef01d1a71623
2025-02-12 21:07:15,159 - main - INFO - Extracting lap times
2025-02-12 21:07:16,103 - main - INFO - Successfully extracted lap data for race ID: 85d3f7ac-e088-46d2-9673-ef01d1a71623
2025-02-12 21:07:18,106 - main - INFO - Processing race ID: 19909955-d1ff-496a-adff-760ca90c323d
2025-02-12 21:07:18,106 - main - INFO - Extracting lap data for race ID: 19909955-d1ff-496a-adff-760ca90c323d
2025-02-12 21:07:21,925 - main - INFO - Extracting lap times
2025-02-12 21:07:22,765 - main - INFO - Successfully extracted lap data for race ID: 19909955-d1ff-496a-adff-760ca90c323d
2025-02-12 21:07:24,923 - main - INFO - Webdriver closed
2025-02-12 21:07:24,923 - main - INFO - Successfully processed data for user: priyank.shankar
2025-02-12 23:42:05,481 - main - INFO - Received request for user: aaryan.tiwari
2025-02-12 23:42:05,481 - main - INFO - Initialized RaceDataExtractor for user: aaryan.tiwari
2025-02-12 23:42:05,481 - main - INFO - Starting race processing for user: aaryan.tiwari
2025-02-12 23:42:05,481 - main - INFO - Setting up webdriver
2025-02-12 23:42:16,106 - main - INFO - Handling cookies popup
2025-02-12 23:42:16,231 - main - INFO - Cookie popup handled successfully
2025-02-12 23:42:16,231 - main - INFO - Webdriver setup successful
2025-02-12 23:42:16,231 - main - INFO - Extracting session data
2025-02-12 23:42:16,289 - main - INFO - Extracting profile information
2025-02-12 23:42:16,306 - main - INFO - Found profile - Name: Aaryan Tiwari, Location: Tokyo, Japan
2025-02-12 23:42:16,371 - main - INFO - Found 2 races
2025-02-12 23:42:16,371 - main - INFO - Processing race ID: be7c7c4e-9d58-421a-a6fd-429ffa42a2e8
2025-02-12 23:42:16,371 - main - INFO - Extracting lap data for race ID: be7c7c4e-9d58-421a-a6fd-429ffa42a2e8
2025-02-12 23:42:19,666 - main - INFO - Extracting lap times
2025-02-12 23:42:20,121 - main - INFO - Successfully extracted lap data for race ID: be7c7c4e-9d58-421a-a6fd-429ffa42a2e8
2025-02-12 23:42:22,126 - main - INFO - Processing race ID: b0998f4c-be49-4696-9e28-565d9d200af2
2025-02-12 23:42:22,127 - main - INFO - Extracting lap data for race ID: b0998f4c-be49-4696-9e28-565d9d200af2
2025-02-12 23:42:25,230 - main - INFO - Extracting lap times
2025-02-12 23:42:25,689 - main - INFO - Successfully extracted lap data for race ID: b0998f4c-be49-4696-9e28-565d9d200af2
2025-02-12 23:42:27,827 - main - INFO - Webdriver closed
2025-02-12 23:42:27,827 - main - INFO - Successfully processed data for user: aaryan.tiwari
2025-02-13 00:37:28,822 - main - INFO - Received request for user: priyank.shankar
2025-02-13 00:37:28,823 - main - INFO - Initialized RaceDataExtractor for user: priyank.shankar
2025-02-13 00:37:28,823 - main - INFO - Starting race processing for user: priyank.shankar
2025-02-13 00:37:28,823 - main - INFO - Setting up webdriver
2025-02-13 00:37:37,087 - main - INFO - Handling cookies popup
2025-02-13 00:37:37,214 - main - INFO - Cookie popup handled successfully
2025-02-13 00:37:37,214 - main - INFO - Webdriver setup successful
2025-02-13 00:37:37,214 - main - INFO - Extracting session data
2025-02-13 00:37:37,310 - main - INFO - Extracting profile information
2025-02-13 00:37:37,331 - main - INFO - Found profile - Name: Priyank Shankar, Location: Tokyo, Japan
2025-02-13 00:37:37,384 - main - INFO - Found 4 races
2025-02-13 00:37:37,384 - main - INFO - Processing race ID: be7c7c4e-9d58-421a-a6fd-429ffa42a2e8
2025-02-13 00:37:37,384 - main - INFO - Extracting lap data for race ID: be7c7c4e-9d58-421a-a6fd-429ffa42a2e8
2025-02-13 00:37:41,146 - main - INFO - Extracting lap times
2025-02-13 00:37:42,255 - main - INFO - Successfully extracted lap data for race ID: be7c7c4e-9d58-421a-a6fd-429ffa42a2e8
2025-02-13 00:37:44,260 - main - INFO - Processing race ID: b0998f4c-be49-4696-9e28-565d9d200af2
2025-02-13 00:37:44,260 - main - INFO - Extracting lap data for race ID: b0998f4c-be49-4696-9e28-565d9d200af2
2025-02-13 00:37:47,786 - main - INFO - Extracting lap times
2025-02-13 00:37:48,901 - main - INFO - Successfully extracted lap data for race ID: b0998f4c-be49-4696-9e28-565d9d200af2
2025-02-13 00:37:50,903 - main - INFO - Processing race ID: 85d3f7ac-e088-46d2-9673-ef01d1a71623
2025-02-13 00:37:50,904 - main - INFO - Extracting lap data for race ID: 85d3f7ac-e088-46d2-9673-ef01d1a71623
2025-02-13 00:37:53,398 - main - INFO - Extracting lap times
2025-02-13 00:37:54,466 - main - INFO - Successfully extracted lap data for race ID: 85d3f7ac-e088-46d2-9673-ef01d1a71623
2025-02-13 00:37:56,471 - main - INFO - Processing race ID: 19909955-d1ff-496a-adff-760ca90c323d
2025-02-13 00:37:56,472 - main - INFO - Extracting lap data for race ID: 19909955-d1ff-496a-adff-760ca90c323d
2025-02-13 00:38:00,047 - main - INFO - Extracting lap times
2025-02-13 00:38:01,031 - main - INFO - Successfully extracted lap data for race ID: 19909955-d1ff-496a-adff-760ca90c323d
2025-02-13 00:38:03,170 - main - INFO - Webdriver closed
2025-02-13 00:38:03,170 - main - INFO - Successfully processed data for user: priyank.shankar
2025-02-13 00:38:03,171 - main - INFO - Received request for user: gg
2025-02-13 00:38:03,171 - main - INFO - Initialized RaceDataExtractor for user: gg
2025-02-13 00:38:03,171 - main - INFO - Starting race processing for user: gg
2025-02-13 00:38:03,171 - main - INFO - Setting up webdriver
2025-02-13 00:38:10,757 - main - INFO - Handling cookies popup
2025-02-13 00:38:10,909 - main - INFO - Cookie popup handled successfully
2025-02-13 00:38:10,910 - main - INFO - Webdriver setup successful
2025-02-13 00:38:10,911 - main - INFO - Extracting session data
2025-02-13 00:38:11,041 - main - INFO - Extracting profile information
2025-02-13 00:38:11,072 - main - INFO - Found profile - Name: damqn godumanov, Location: Plovdiv, Bulgaria
2025-02-13 00:38:11,144 - main - INFO - Found 1 races
2025-02-13 00:38:11,144 - main - INFO - Processing race ID: 5ffd19bf-0998-4386-b82b-f5438e987f6c
2025-02-13 00:38:11,144 - main - INFO - Extracting lap data for race ID: 5ffd19bf-0998-4386-b82b-f5438e987f6c
2025-02-13 00:38:15,083 - main - INFO - Extracting lap times
2025-02-13 00:38:15,174 - main - INFO - Successfully extracted lap data for race ID: 5ffd19bf-0998-4386-b82b-f5438e987f6c
2025-02-13 00:38:17,368 - main - INFO - Webdriver closed
2025-02-13 00:38:17,368 - main - INFO - Successfully processed data for user: gg
2025-02-13 00:40:46,601 - main - INFO - Received request for user: priyank.shankar
2025-02-13 00:40:46,603 - main - INFO - Initialized RaceDataExtractor for user: priyank.shankar
2025-02-13 00:40:46,603 - main - INFO - Starting race processing for user: priyank.shankar
2025-02-13 00:40:46,603 - main - INFO - Setting up webdriver
2025-02-13 00:40:54,964 - main - INFO - Handling cookies popup
2025-02-13 00:40:55,073 - main - INFO - Cookie popup handled successfully
2025-02-13 00:40:55,073 - main - INFO - Webdriver setup successful
2025-02-13 00:40:55,073 - main - INFO - Extracting session data
2025-02-13 00:40:55,180 - main - INFO - Extracting profile information
2025-02-13 00:40:55,201 - main - INFO - Found profile - Name: Priyank Shankar, Location: Tokyo, Japan
2025-02-13 00:40:55,258 - main - INFO - Found 4 races
2025-02-13 00:40:55,258 - main - INFO - Processing race ID: be7c7c4e-9d58-421a-a6fd-429ffa42a2e8
2025-02-13 00:40:55,258 - main - INFO - Extracting lap data for race ID: be7c7c4e-9d58-421a-a6fd-429ffa42a2e8
2025-02-13 00:40:58,801 - main - INFO - Extracting lap times
2025-02-13 00:41:00,038 - main - INFO - Successfully extracted lap data for race ID: be7c7c4e-9d58-421a-a6fd-429ffa42a2e8
2025-02-13 00:41:02,039 - main - INFO - Processing race ID: b0998f4c-be49-4696-9e28-565d9d200af2
2025-02-13 00:41:02,039 - main - INFO - Extracting lap data for race ID: b0998f4c-be49-4696-9e28-565d9d200af2
2025-02-13 00:41:05,815 - main - INFO - Extracting lap times
2025-02-13 00:41:07,028 - main - INFO - Successfully extracted lap data for race ID: b0998f4c-be49-4696-9e28-565d9d200af2
2025-02-13 00:41:09,034 - main - INFO - Processing race ID: 85d3f7ac-e088-46d2-9673-ef01d1a71623
2025-02-13 00:41:09,034 - main - INFO - Extracting lap data for race ID: 85d3f7ac-e088-46d2-9673-ef01d1a71623
2025-02-13 00:41:11,866 - main - INFO - Extracting lap times
2025-02-13 00:41:13,133 - main - INFO - Successfully extracted lap data for race ID: 85d3f7ac-e088-46d2-9673-ef01d1a71623
2025-02-13 00:41:15,139 - main - INFO - Processing race ID: 19909955-d1ff-496a-adff-760ca90c323d
2025-02-13 00:41:15,139 - main - INFO - Extracting lap data for race ID: 19909955-d1ff-496a-adff-760ca90c323d
2025-02-13 00:41:18,618 - main - INFO - Extracting lap times
2025-02-13 00:41:19,817 - main - INFO - Successfully extracted lap data for race ID: 19909955-d1ff-496a-adff-760ca90c323d
2025-02-13 00:41:21,964 - main - INFO - Webdriver closed
2025-02-13 00:41:21,964 - main - INFO - Successfully processed data for user: priyank.shankar
2025-02-13 00:46:08,671 - main - INFO - Received request for user: margulan.daribayev
2025-02-13 00:46:08,671 - main - INFO - Initialized RaceDataExtractor for user: margulan.daribayev
2025-02-13 00:46:08,671 - main - INFO - Starting race processing for user: margulan.daribayev
2025-02-13 00:46:08,671 - main - INFO - Setting up webdriver
2025-02-13 00:46:19,245 - main - INFO - Handling cookies popup
2025-02-13 00:46:19,353 - main - INFO - Cookie popup handled successfully
2025-02-13 00:46:19,353 - main - INFO - Webdriver setup successful
2025-02-13 00:46:19,353 - main - INFO - Extracting session data
2025-02-13 00:46:19,477 - main - INFO - Extracting profile information
2025-02-13 00:46:19,497 - main - INFO - Found profile - Name: Margulan Daribayev, Location: Karagandy , Kazak...
2025-02-13 00:46:19,556 - main - INFO - Found 5 races
2025-02-13 00:46:19,557 - main - INFO - Processing race ID: 48026eda-5dcf-4fda-9d9c-98a3da9267b4
2025-02-13 00:46:19,557 - main - INFO - Extracting lap data for race ID: 48026eda-5dcf-4fda-9d9c-98a3da9267b4
2025-02-13 00:46:23,076 - main - INFO - Extracting lap times
2025-02-13 00:46:24,161 - main - INFO - Successfully extracted lap data for race ID: 48026eda-5dcf-4fda-9d9c-98a3da9267b4
2025-02-13 00:46:26,166 - main - INFO - Processing race ID: 85d3f7ac-e088-46d2-9673-ef01d1a71623
2025-02-13 00:46:26,166 - main - INFO - Extracting lap data for race ID: 85d3f7ac-e088-46d2-9673-ef01d1a71623
2025-02-13 00:46:29,409 - main - INFO - Extracting lap times
2025-02-13 00:46:30,569 - main - INFO - Successfully extracted lap data for race ID: 85d3f7ac-e088-46d2-9673-ef01d1a71623
2025-02-13 00:46:32,575 - main - INFO - Processing race ID: 84e78ed9-ff2e-4511-890b-82961ea8cac4
2025-02-13 00:46:32,575 - main - INFO - Extracting lap data for race ID: 84e78ed9-ff2e-4511-890b-82961ea8cac4
2025-02-13 00:46:36,221 - main - INFO - Extracting lap times
2025-02-13 00:46:38,261 - main - INFO - Successfully extracted lap data for race ID: 84e78ed9-ff2e-4511-890b-82961ea8cac4
2025-02-13 00:46:40,264 - main - INFO - Processing race ID: 31c2cefa-3fe2-406f-99ad-997527c62754
2025-02-13 00:46:40,264 - main - INFO - Extracting lap data for race ID: 31c2cefa-3fe2-406f-99ad-997527c62754
2025-02-13 00:46:44,360 - main - INFO - Extracting lap times
2025-02-13 00:46:46,416 - main - INFO - Successfully extracted lap data for race ID: 31c2cefa-3fe2-406f-99ad-997527c62754
2025-02-13 00:46:48,420 - main - INFO - Processing race ID: fdbe4193-d8cb-40d7-ab70-4e5462b4124b
2025-02-13 00:46:48,421 - main - INFO - Extracting lap data for race ID: fdbe4193-d8cb-40d7-ab70-4e5462b4124b
2025-02-13 00:46:50,675 - main - INFO - Extracting lap times
2025-02-13 00:46:52,765 - main - INFO - Successfully extracted lap data for race ID: fdbe4193-d8cb-40d7-ab70-4e5462b4124b
2025-02-13 00:46:54,917 - main - INFO - Webdriver closed
2025-02-13 00:46:54,918 - main - INFO - Successfully processed data for user: margulan.daribayev
2025-02-13 00:47:32,534 - main - INFO - Received request for user: aaryan.tiwari
2025-02-13 00:47:32,534 - main - INFO - Initialized RaceDataExtractor for user: aaryan.tiwari
2025-02-13 00:47:32,534 - main - INFO - Starting race processing for user: aaryan.tiwari
2025-02-13 00:47:32,534 - main - INFO - Setting up webdriver
2025-02-13 00:47:39,971 - main - INFO - Handling cookies popup
2025-02-13 00:47:40,055 - main - INFO - Cookie popup handled successfully
2025-02-13 00:47:40,056 - main - INFO - Webdriver setup successful
2025-02-13 00:47:40,056 - main - INFO - Extracting session data
2025-02-13 00:47:40,117 - main - INFO - Extracting profile information
2025-02-13 00:47:40,140 - main - INFO - Found profile - Name: Aaryan Tiwari, Location: Tokyo, Japan
2025-02-13 00:47:40,191 - main - INFO - Found 2 races
2025-02-13 00:47:40,191 - main - INFO - Processing race ID: be7c7c4e-9d58-421a-a6fd-429ffa42a2e8
2025-02-13 00:47:40,191 - main - INFO - Extracting lap data for race ID: be7c7c4e-9d58-421a-a6fd-429ffa42a2e8
2025-02-13 00:47:43,743 - main - INFO - Extracting lap times
2025-02-13 00:47:44,340 - main - INFO - Successfully extracted lap data for race ID: be7c7c4e-9d58-421a-a6fd-429ffa42a2e8
2025-02-13 00:47:46,343 - main - INFO - Processing race ID: b0998f4c-be49-4696-9e28-565d9d200af2
2025-02-13 00:47:46,343 - main - INFO - Extracting lap data for race ID: b0998f4c-be49-4696-9e28-565d9d200af2
2025-02-13 00:47:49,636 - main - INFO - Extracting lap times
2025-02-13 00:47:50,289 - main - INFO - Successfully extracted lap data for race ID: b0998f4c-be49-4696-9e28-565d9d200af2
2025-02-13 00:47:52,427 - main - INFO - Webdriver closed
2025-02-13 00:47:52,427 - main - INFO - Successfully processed data for user: aaryan.tiwari
2025-02-13 00:49:11,755 - main - INFO - Received request for user: aaryan.tiwari
2025-02-13 00:49:11,755 - main - INFO - Initialized RaceDataExtractor for user: aaryan.tiwari
2025-02-13 00:49:11,755 - main - INFO - Starting race processing for user: aaryan.tiwari
2025-02-13 00:49:11,755 - main - INFO - Setting up webdriver
2025-02-13 00:49:19,822 - main - INFO - Handling cookies popup
2025-02-13 00:49:19,938 - main - INFO - Cookie popup handled successfully
2025-02-13 00:49:19,938 - main - INFO - Webdriver setup successful
2025-02-13 00:49:19,938 - main - INFO - Extracting session data
2025-02-13 00:49:20,008 - main - INFO - Extracting profile information
2025-02-13 00:49:20,031 - main - INFO - Found profile - Name: Aaryan Tiwari, Location: Tokyo, Japan
2025-02-13 00:49:20,083 - main - INFO - Found 2 races
2025-02-13 00:49:20,083 - main - INFO - Processing race ID: be7c7c4e-9d58-421a-a6fd-429ffa42a2e8
2025-02-13 00:49:20,083 - main - INFO - Extracting lap data for race ID: be7c7c4e-9d58-421a-a6fd-429ffa42a2e8
2025-02-13 00:49:23,333 - main - INFO - Extracting lap times
2025-02-13 00:49:23,965 - main - INFO - Successfully extracted lap data for race ID: be7c7c4e-9d58-421a-a6fd-429ffa42a2e8
2025-02-13 00:49:25,970 - main - INFO - Processing race ID: b0998f4c-be49-4696-9e28-565d9d200af2
2025-02-13 00:49:25,970 - main - INFO - Extracting lap data for race ID: b0998f4c-be49-4696-9e28-565d9d200af2
2025-02-13 00:49:29,092 - main - INFO - Extracting lap times
2025-02-13 00:49:29,781 - main - INFO - Successfully extracted lap data for race ID: b0998f4c-be49-4696-9e28-565d9d200af2
2025-02-13 00:49:31,925 - main - INFO - Webdriver closed
2025-02-13 00:49:31,925 - main - INFO - Successfully processed data for user: aaryan.tiwari
2025-02-13 00:50:58,578 - main - INFO - Received request for user: aaryan.tiwari
2025-02-13 00:50:58,579 - main - INFO - Initialized RaceDataExtractor for user: aaryan.tiwari
2025-02-13 00:50:58,579 - main - INFO - Starting race processing for user: aaryan.tiwari
2025-02-13 00:50:58,579 - main - INFO - Setting up webdriver
2025-02-13 00:51:06,851 - main - INFO - Handling cookies popup
2025-02-13 00:51:06,968 - main - INFO - Cookie popup handled successfully
2025-02-13 00:51:06,968 - main - INFO - Webdriver setup successful
2025-02-13 00:51:06,968 - main - INFO - Extracting session data
2025-02-13 00:51:07,028 - main - INFO - Extracting profile information
2025-02-13 00:51:07,049 - main - INFO - Found profile - Name: Aaryan Tiwari, Location: Tokyo, Japan
2025-02-13 00:51:07,102 - main - INFO - Found 2 races
2025-02-13 00:51:07,102 - main - INFO - Processing race ID: be7c7c4e-9d58-421a-a6fd-429ffa42a2e8
2025-02-13 00:51:07,102 - main - INFO - Extracting lap data for race ID: be7c7c4e-9d58-421a-a6fd-429ffa42a2e8
2025-02-13 00:51:11,388 - main - INFO - Extracting lap times
2025-02-13 00:51:12,002 - main - INFO - Successfully extracted lap data for race ID: be7c7c4e-9d58-421a-a6fd-429ffa42a2e8
2025-02-13 00:51:14,008 - main - INFO - Processing race ID: b0998f4c-be49-4696-9e28-565d9d200af2
2025-02-13 00:51:14,008 - main - INFO - Extracting lap data for race ID: b0998f4c-be49-4696-9e28-565d9d200af2
2025-02-13 00:51:17,391 - main - INFO - Extracting lap times
2025-02-13 00:51:18,026 - main - INFO - Successfully extracted lap data for race ID: b0998f4c-be49-4696-9e28-565d9d200af2
2025-02-13 00:51:20,196 - main - INFO - Webdriver closed
2025-02-13 00:51:20,196 - main - INFO - Successfully processed data for user: aaryan.tiwari
2025-02-13 00:52:50,628 - main - INFO - Received request for user: aaryan.tiwari
2025-02-13 00:52:50,628 - main - INFO - Initialized RaceDataExtractor for user: aaryan.tiwari
2025-02-13 00:52:50,629 - main - INFO - Starting race processing for user: aaryan.tiwari
2025-02-13 00:52:50,629 - main - INFO - Setting up webdriver
2025-02-13 00:52:58,874 - main - INFO - Handling cookies popup
2025-02-13 00:52:58,976 - main - INFO - Cookie popup handled successfully
2025-02-13 00:52:58,976 - main - INFO - Webdriver setup successful
2025-02-13 00:52:58,976 - main - INFO - Extracting session data
2025-02-13 00:52:59,058 - main - INFO - Extracting profile information
2025-02-13 00:52:59,078 - main - INFO - Found profile - Name: Aaryan Tiwari, Location: Tokyo, Japan
2025-02-13 00:52:59,125 - main - INFO - Found 2 races
2025-02-13 00:52:59,125 - main - INFO - Processing race ID: be7c7c4e-9d58-421a-a6fd-429ffa42a2e8
2025-02-13 00:52:59,125 - main - INFO - Extracting lap data for race ID: be7c7c4e-9d58-421a-a6fd-429ffa42a2e8
2025-02-13 00:53:02,438 - main - INFO - Extracting lap times
2025-02-13 00:53:03,051 - main - INFO - Successfully extracted lap data for race ID: be7c7c4e-9d58-421a-a6fd-429ffa42a2e8
2025-02-13 00:53:05,055 - main - INFO - Processing race ID: b0998f4c-be49-4696-9e28-565d9d200af2
2025-02-13 00:53:05,056 - main - INFO - Extracting lap data for race ID: b0998f4c-be49-4696-9e28-565d9d200af2
2025-02-13 00:53:08,312 - main - INFO - Extracting lap times
2025-02-13 00:53:08,931 - main - INFO - Successfully extracted lap data for race ID: b0998f4c-be49-4696-9e28-565d9d200af2
2025-02-13 00:53:11,083 - main - INFO - Webdriver closed
2025-02-13 00:53:11,083 - main - INFO - Successfully processed data for user: aaryan.tiwari
2025-02-13 00:53:27,032 - main - INFO - Received request for user: margulan.daribayev
2025-02-13 00:53:27,033 - main - INFO - Initialized RaceDataExtractor for user: margulan.daribayev
2025-02-13 00:53:27,033 - main - INFO - Starting race processing for user: margulan.daribayev
2025-02-13 00:53:27,033 - main - INFO - Setting up webdriver
2025-02-13 00:53:35,371 - main - INFO - Handling cookies popup
2025-02-13 00:53:35,457 - main - INFO - Cookie popup handled successfully
2025-02-13 00:53:35,457 - main - INFO - Webdriver setup successful
2025-02-13 00:53:35,458 - main - INFO - Extracting session data
2025-02-13 00:53:35,589 - main - INFO - Extracting profile information
2025-02-13 00:53:35,610 - main - INFO - Found profile - Name: Margulan Daribayev, Location: Karagandy , Kazak...
2025-02-13 00:53:35,672 - main - INFO - Found 5 races
2025-02-13 00:53:35,672 - main - INFO - Processing race ID: 48026eda-5dcf-4fda-9d9c-98a3da9267b4
2025-02-13 00:53:35,672 - main - INFO - Extracting lap data for race ID: 48026eda-5dcf-4fda-9d9c-98a3da9267b4
2025-02-13 00:53:38,709 - main - INFO - Extracting lap times
2025-02-13 00:53:39,820 - main - INFO - Successfully extracted lap data for race ID: 48026eda-5dcf-4fda-9d9c-98a3da9267b4
2025-02-13 00:53:41,825 - main - INFO - Processing race ID: 85d3f7ac-e088-46d2-9673-ef01d1a71623
2025-02-13 00:53:41,825 - main - INFO - Extracting lap data for race ID: 85d3f7ac-e088-46d2-9673-ef01d1a71623
2025-02-13 00:53:45,226 - main - INFO - Extracting lap times
2025-02-13 00:53:46,285 - main - INFO - Successfully extracted lap data for race ID: 85d3f7ac-e088-46d2-9673-ef01d1a71623
2025-02-13 00:53:48,290 - main - INFO - Processing race ID: 84e78ed9-ff2e-4511-890b-82961ea8cac4
2025-02-13 00:53:48,290 - main - INFO - Extracting lap data for race ID: 84e78ed9-ff2e-4511-890b-82961ea8cac4
2025-02-13 00:53:52,095 - main - INFO - Extracting lap times
2025-02-13 00:53:54,199 - main - INFO - Successfully extracted lap data for race ID: 84e78ed9-ff2e-4511-890b-82961ea8cac4
2025-02-13 00:53:56,203 - main - INFO - Processing race ID: 31c2cefa-3fe2-406f-99ad-997527c62754
2025-02-13 00:53:56,203 - main - INFO - Extracting lap data for race ID: 31c2cefa-3fe2-406f-99ad-997527c62754
2025-02-13 00:54:00,845 - main - INFO - Extracting lap times
2025-02-13 00:54:02,997 - main - INFO - Successfully extracted lap data for race ID: 31c2cefa-3fe2-406f-99ad-997527c62754
2025-02-13 00:54:05,003 - main - INFO - Processing race ID: fdbe4193-d8cb-40d7-ab70-4e5462b4124b
2025-02-13 00:54:05,003 - main - INFO - Extracting lap data for race ID: fdbe4193-d8cb-40d7-ab70-4e5462b4124b
2025-02-13 00:54:07,298 - main - INFO - Extracting lap times
2025-02-13 00:54:09,422 - main - INFO - Successfully extracted lap data for race ID: fdbe4193-d8cb-40d7-ab70-4e5462b4124b
2025-02-13 00:54:11,570 - main - INFO - Webdriver closed
2025-02-13 00:54:11,570 - main - INFO - Successfully processed data for user: margulan.daribayev
2025-02-13 00:55:40,545 - main - INFO - Received request for user: niharika.kute
2025-02-13 00:55:40,546 - main - INFO - Initialized RaceDataExtractor for user: niharika.kute
2025-02-13 00:55:40,546 - main - INFO - Starting race processing for user: niharika.kute
2025-02-13 00:55:40,546 - main - INFO - Setting up webdriver
2025-02-13 00:55:50,528 - main - INFO - Handling cookies popup
2025-02-13 00:55:50,647 - main - INFO - Cookie popup handled successfully
2025-02-13 00:55:50,647 - main - INFO - Webdriver setup successful
2025-02-13 00:55:50,647 - main - INFO - Extracting session data
2025-02-13 00:55:50,718 - main - INFO - Extracting profile information
2025-02-13 00:55:50,743 - main - INFO - Found profile - Name: Niharika Kute, Location: Tokyo, Japan
2025-02-13 00:55:50,800 - main - INFO - Found 2 races
2025-02-13 00:55:50,800 - main - INFO - Processing race ID: c60a3ac4-dc48-4033-8ab1-64f852ed3787
2025-02-13 00:55:50,800 - main - INFO - Extracting lap data for race ID: c60a3ac4-dc48-4033-8ab1-64f852ed3787
2025-02-13 00:55:54,303 - main - INFO - Extracting lap times
2025-02-13 00:55:54,906 - main - INFO - Successfully extracted lap data for race ID: c60a3ac4-dc48-4033-8ab1-64f852ed3787
2025-02-13 00:55:56,907 - main - INFO - Processing race ID: 19909955-d1ff-496a-adff-760ca90c323d
2025-02-13 00:55:56,907 - main - INFO - Extracting lap data for race ID: 19909955-d1ff-496a-adff-760ca90c323d
2025-02-13 00:55:59,972 - main - INFO - Extracting lap times
2025-02-13 00:56:00,618 - main - INFO - Successfully extracted lap data for race ID: 19909955-d1ff-496a-adff-760ca90c323d
2025-02-13 00:56:02,769 - main - INFO - Webdriver closed
2025-02-13 00:56:02,769 - main - INFO - Successfully processed data for user: niharika.kute
2025-02-13 00:57:15,907 - main - INFO - Received request for user: aitik.gupta
2025-02-13 00:57:15,908 - main - INFO - Initialized RaceDataExtractor for user: aitik.gupta
2025-02-13 00:57:15,909 - main - INFO - Starting race processing for user: aitik.gupta
2025-02-13 00:57:15,909 - main - INFO - Setting up webdriver
2025-02-13 00:57:24,269 - main - INFO - Handling cookies popup
2025-02-13 00:57:24,464 - main - INFO - Cookie popup handled successfully
2025-02-13 00:57:24,464 - main - INFO - Webdriver setup successful
2025-02-13 00:57:24,464 - main - INFO - Extracting session data
2025-02-13 00:57:24,596 - main - INFO - Extracting profile information
2025-02-13 00:57:24,618 - main - INFO - Found profile - Name: Aitik Gupta, Location: Jaipur, India
2025-02-13 00:57:24,683 - main - INFO - Found 5 races
2025-02-13 00:57:24,683 - main - INFO - Processing race ID: c60a3ac4-dc48-4033-8ab1-64f852ed3787
2025-02-13 00:57:24,683 - main - INFO - Extracting lap data for race ID: c60a3ac4-dc48-4033-8ab1-64f852ed3787
2025-02-13 00:57:27,763 - main - INFO - Extracting lap times
2025-02-13 00:57:28,302 - main - INFO - Successfully extracted lap data for race ID: c60a3ac4-dc48-4033-8ab1-64f852ed3787
2025-02-13 00:57:30,305 - main - INFO - Processing race ID: 92e14c4e-8972-45c5-82d3-8e796610b83f
2025-02-13 00:57:30,305 - main - INFO - Extracting lap data for race ID: 92e14c4e-8972-45c5-82d3-8e796610b83f
2025-02-13 00:57:33,619 - main - INFO - Extracting lap times
2025-02-13 00:57:34,076 - main - INFO - Successfully extracted lap data for race ID: 92e14c4e-8972-45c5-82d3-8e796610b83f
2025-02-13 00:57:36,082 - main - INFO - Processing race ID: b25d00fb-b6ec-4762-8f65-2042f81b13b3
2025-02-13 00:57:36,083 - main - INFO - Extracting lap data for race ID: b25d00fb-b6ec-4762-8f65-2042f81b13b3
2025-02-13 00:57:38,019 - main - INFO - Extracting lap times
2025-02-13 00:57:38,483 - main - INFO - Successfully extracted lap data for race ID: b25d00fb-b6ec-4762-8f65-2042f81b13b3
2025-02-13 00:57:40,487 - main - INFO - Processing race ID: ee27c0c8-442b-4aa7-bdd6-6e8eadfb938b
2025-02-13 00:57:40,487 - main - INFO - Extracting lap data for race ID: ee27c0c8-442b-4aa7-bdd6-6e8eadfb938b
2025-02-13 00:57:44,207 - main - INFO - Extracting lap times
2025-02-13 00:57:44,519 - main - INFO - Successfully extracted lap data for race ID: ee27c0c8-442b-4aa7-bdd6-6e8eadfb938b
2025-02-13 00:57:46,524 - main - INFO - Processing race ID: 092c8f8a-cdf1-431c-a130-892b3858ca08
2025-02-13 00:57:46,524 - main - INFO - Extracting lap data for race ID: 092c8f8a-cdf1-431c-a130-892b3858ca08
2025-02-13 00:57:48,384 - main - INFO - Extracting lap times
2025-02-13 00:57:48,707 - main - INFO - Successfully extracted lap data for race ID: 092c8f8a-cdf1-431c-a130-892b3858ca08
2025-02-13 00:57:50,858 - main - INFO - Webdriver closed
2025-02-13 00:57:50,859 - main - INFO - Successfully processed data for user: aitik.gupta
2025-02-13 00:59:30,327 - main - INFO - Received request for user: manish.kumar.268
2025-02-13 00:59:30,328 - main - INFO - Initialized RaceDataExtractor for user: manish.kumar.268
2025-02-13 00:59:30,328 - main - INFO - Starting race processing for user: manish.kumar.268
2025-02-13 00:59:30,328 - main - INFO - Setting up webdriver
2025-02-13 00:59:38,361 - main - INFO - Handling cookies popup
2025-02-13 00:59:38,464 - main - INFO - Cookie popup handled successfully
2025-02-13 00:59:38,464 - main - INFO - Webdriver setup successful
2025-02-13 00:59:38,464 - main - INFO - Extracting session data
2025-02-13 00:59:38,549 - main - INFO - Extracting profile information
2025-02-13 00:59:38,570 - main - INFO - Found profile - Name: Manish Kumar, Location: Tokyo, Japan
2025-02-13 00:59:38,623 - main - INFO - Found 3 races
2025-02-13 00:59:38,623 - main - INFO - Processing race ID: c60a3ac4-dc48-4033-8ab1-64f852ed3787
2025-02-13 00:59:38,623 - main - INFO - Extracting lap data for race ID: c60a3ac4-dc48-4033-8ab1-64f852ed3787
2025-02-13 00:59:41,861 - main - INFO - Extracting lap times
2025-02-13 00:59:42,610 - main - INFO - Successfully extracted lap data for race ID: c60a3ac4-dc48-4033-8ab1-64f852ed3787
2025-02-13 00:59:44,615 - main - INFO - Processing race ID: 65ecb609-ab30-4730-9147-254fe3d9ad0e
2025-02-13 00:59:44,616 - main - INFO - Extracting lap data for race ID: 65ecb609-ab30-4730-9147-254fe3d9ad0e
2025-02-13 00:59:47,928 - main - INFO - Extracting lap times
2025-02-13 00:59:48,690 - main - INFO - Successfully extracted lap data for race ID: 65ecb609-ab30-4730-9147-254fe3d9ad0e
2025-02-13 00:59:50,691 - main - INFO - Processing race ID: 4e7307ca-9ff3-491c-9df1-e2d109b160e7
2025-02-13 00:59:50,694 - main - INFO - Extracting lap data for race ID: 4e7307ca-9ff3-491c-9df1-e2d109b160e7
2025-02-13 00:59:52,571 - main - INFO - Extracting lap times
2025-02-13 00:59:53,305 - main - INFO - Successfully extracted lap data for race ID: 4e7307ca-9ff3-491c-9df1-e2d109b160e7
2025-02-13 00:59:55,461 - main - INFO - Webdriver closed
2025-02-13 00:59:55,461 - main - INFO - Successfully processed data for user: manish.kumar.268
2025-02-13 01:09:28,142 - main - INFO - Received request for user: priyank.shankar
2025-02-13 01:09:28,143 - main - INFO - Initialized RaceDataExtractor for user: priyank.shankar
2025-02-13 01:09:28,143 - main - INFO - Starting race processing for user: priyank.shankar
2025-02-13 01:09:28,143 - main - INFO - Setting up webdriver
2025-02-13 01:09:37,240 - main - INFO - Handling cookies popup
2025-02-13 01:09:37,396 - main - INFO - Cookie popup handled successfully
2025-02-13 01:09:37,396 - main - INFO - Webdriver setup successful
2025-02-13 01:09:37,396 - main - INFO - Extracting session data
2025-02-13 01:09:37,508 - main - INFO - Extracting profile information
2025-02-13 01:09:37,536 - main - INFO - Found profile - Name: Priyank Shankar, Location: Tokyo, Japan
2025-02-13 01:09:37,596 - main - INFO - Found 4 races
2025-02-13 01:09:37,596 - main - INFO - Processing race ID: be7c7c4e-9d58-421a-a6fd-429ffa42a2e8
2025-02-13 01:09:37,596 - main - INFO - Extracting lap data for race ID: be7c7c4e-9d58-421a-a6fd-429ffa42a2e8
2025-02-13 01:09:40,891 - main - INFO - Extracting lap times
2025-02-13 01:09:42,123 - main - INFO - Successfully extracted lap data for race ID: be7c7c4e-9d58-421a-a6fd-429ffa42a2e8
2025-02-13 01:09:44,126 - main - INFO - Processing race ID: b0998f4c-be49-4696-9e28-565d9d200af2
2025-02-13 01:09:44,127 - main - INFO - Extracting lap data for race ID: b0998f4c-be49-4696-9e28-565d9d200af2
2025-02-13 01:09:47,632 - main - INFO - Extracting lap times
2025-02-13 01:09:48,944 - main - INFO - Successfully extracted lap data for race ID: b0998f4c-be49-4696-9e28-565d9d200af2
2025-02-13 01:09:50,949 - main - INFO - Processing race ID: 85d3f7ac-e088-46d2-9673-ef01d1a71623
2025-02-13 01:09:50,949 - main - INFO - Extracting lap data for race ID: 85d3f7ac-e088-46d2-9673-ef01d1a71623
2025-02-13 01:09:53,274 - main - INFO - Extracting lap times
2025-02-13 01:09:54,512 - main - INFO - Successfully extracted lap data for race ID: 85d3f7ac-e088-46d2-9673-ef01d1a71623
2025-02-13 01:09:56,517 - main - INFO - Processing race ID: 19909955-d1ff-496a-adff-760ca90c323d
2025-02-13 01:09:56,518 - main - INFO - Extracting lap data for race ID: 19909955-d1ff-496a-adff-760ca90c323d
2025-02-13 01:09:59,771 - main - INFO - Extracting lap times
2025-02-13 01:10:01,024 - main - INFO - Successfully extracted lap data for race ID: 19909955-d1ff-496a-adff-760ca90c323d
2025-02-13 01:10:03,178 - main - INFO - Webdriver closed
2025-02-13 01:10:03,178 - main - INFO - Successfully processed data for user: priyank.shankar
2025-02-13 02:11:40,823 - main - INFO - Received request for user: priyank.shankar
2025-02-13 02:11:40,824 - main - INFO - Initialized RaceDataExtractor for user: priyank.shankar
2025-02-13 02:11:40,824 - main - INFO - Starting race processing for user: priyank.shankar
2025-02-13 02:11:40,824 - main - INFO - Setting up webdriver
2025-02-13 02:11:52,402 - main - INFO - Handling cookies popup
2025-02-13 02:11:52,494 - main - INFO - Cookie popup handled successfully
2025-02-13 02:11:52,494 - main - INFO - Webdriver setup successful
2025-02-13 02:11:52,494 - main - INFO - Extracting session data
2025-02-13 02:11:52,598 - main - INFO - Extracting profile information
2025-02-13 02:11:52,617 - main - INFO - Found profile - Name: Priyank Shankar, Location: Tokyo, Japan
2025-02-13 02:11:52,694 - main - INFO - Found 4 races
2025-02-13 02:11:52,694 - main - INFO - Processing race ID: be7c7c4e-9d58-421a-a6fd-429ffa42a2e8
2025-02-13 02:11:52,694 - main - INFO - Extracting lap data for race ID: be7c7c4e-9d58-421a-a6fd-429ffa42a2e8
2025-02-13 02:11:57,057 - main - INFO - Extracting lap times
2025-02-13 02:11:58,036 - main - INFO - Successfully extracted lap data for race ID: be7c7c4e-9d58-421a-a6fd-429ffa42a2e8
2025-02-13 02:12:00,037 - main - INFO - Processing race ID: b0998f4c-be49-4696-9e28-565d9d200af2
2025-02-13 02:12:00,037 - main - INFO - Extracting lap data for race ID: b0998f4c-be49-4696-9e28-565d9d200af2
2025-02-13 02:12:02,744 - main - ERROR - Error in process_races: ('Connection aborted.', RemoteDisconnected('Remote end closed connection without response'))
2025-02-13 02:12:02,745 - urllib3.connectionpool - WARNING - Retrying (Retry(total=2, connect=None, read=None, redirect=None, status=None)) after connection broken by 'NewConnectionError('<urllib3.connection.HTTPConnection object at 0x122cafd90>: Failed to establish a new connection: [Errno 61] Connection refused')': /session/269264a82332d97a8ea6b1516b535ed6
2025-02-13 02:12:02,746 - urllib3.connectionpool - WARNING - Retrying (Retry(total=1, connect=None, read=None, redirect=None, status=None)) after connection broken by 'NewConnectionError('<urllib3.connection.HTTPConnection object at 0x122cafed0>: Failed to establish a new connection: [Errno 61] Connection refused')': /session/269264a82332d97a8ea6b1516b535ed6
2025-02-13 02:12:02,746 - urllib3.connectionpool - WARNING - Retrying (Retry(total=0, connect=None, read=None, redirect=None, status=None)) after connection broken by 'NewConnectionError('<urllib3.connection.HTTPConnection object at 0x122c23bb0>: Failed to establish a new connection: [Errno 61] Connection refused')': /session/269264a82332d97a8ea6b1516b535ed6
2025-02-13 02:12:02,763 - main - INFO - Webdriver closed
2025-02-13 02:12:02,763 - main - ERROR - Error processing request for user priyank.shankar: ('Connection aborted.', RemoteDisconnected('Remote end closed connection without response'))
2025-02-13 02:12:13,478 - main - INFO - Received request for user: priyank.shankar
2025-02-13 02:12:13,478 - main - INFO - Initialized RaceDataExtractor for user: priyank.shankar
2025-02-13 02:12:13,478 - main - INFO - Starting race processing for user: priyank.shankar
2025-02-13 02:12:13,478 - main - INFO - Setting up webdriver
2025-02-13 02:12:19,624 - main - ERROR - Error setting up webdriver: ('Connection aborted.', RemoteDisconnected('Remote end closed connection without response'))
2025-02-13 02:12:19,631 - main - ERROR - Error in process_races: ('Connection aborted.', RemoteDisconnected('Remote end closed connection without response'))
2025-02-13 02:12:19,635 - urllib3.connectionpool - WARNING - Retrying (Retry(total=2, connect=None, read=None, redirect=None, status=None)) after connection broken by 'NewConnectionError('<urllib3.connection.HTTPConnection object at 0x102b03d90>: Failed to establish a new connection: [Errno 61] Connection refused')': /session/673555a193848f9956246d2d4f2318d8
2025-02-13 02:12:19,636 - urllib3.connectionpool - WARNING - Retrying (Retry(total=1, connect=None, read=None, redirect=None, status=None)) after connection broken by 'NewConnectionError('<urllib3.connection.HTTPConnection object at 0x102b03ed0>: Failed to establish a new connection: [Errno 61] Connection refused')': /session/673555a193848f9956246d2d4f2318d8
2025-02-13 02:12:19,637 - urllib3.connectionpool - WARNING - Retrying (Retry(total=0, connect=None, read=None, redirect=None, status=None)) after connection broken by 'NewConnectionError('<urllib3.connection.HTTPConnection object at 0x102ba4180>: Failed to establish a new connection: [Errno 61] Connection refused')': /session/673555a193848f9956246d2d4f2318d8
2025-02-13 02:12:19,649 - main - INFO - Webdriver closed
2025-02-13 02:12:19,649 - main - ERROR - Error processing request for user priyank.shankar: ('Connection aborted.', RemoteDisconnected('Remote end closed connection without response'))
2025-02-13 02:12:56,305 - main - INFO - Received request for user: priyank.shankar
2025-02-13 02:12:56,305 - main - INFO - Initialized RaceDataExtractor for user: priyank.shankar
2025-02-13 02:12:56,306 - main - INFO - Starting race processing for user: priyank.shankar
2025-02-13 02:12:56,306 - main - INFO - Setting up webdriver
2025-02-13 02:16:03,371 - main - INFO - Received request for user: priyank.shankar
2025-02-13 02:16:03,372 - main - INFO - Initialized RaceDataExtractor for user: priyank.shankar
2025-02-13 02:16:03,372 - main - INFO - Fetching data for user: priyank.shankar
2025-02-13 02:16:05,762 - main - INFO - Successfully processed data for user: priyank.shankar
2025-02-13 02:17:10,952 - main - INFO - Received request for user: aaryan.tiwari
2025-02-13 02:17:10,952 - main - INFO - Initialized RaceDataExtractor for user: aaryan.tiwari
2025-02-13 02:17:10,953 - main - INFO - Fetching data for user: aaryan.tiwari
2025-02-13 02:17:17,621 - main - INFO - Successfully processed data for user: aaryan.tiwari
2025-02-13 02:17:39,652 - main - INFO - Received request for user: aaryan.tiwari
2025-02-13 02:17:39,652 - main - INFO - Initialized RaceDataExtractor for user: aaryan.tiwari
2025-02-13 02:17:39,652 - main - INFO - Fetching data for user: aaryan.tiwari
2025-02-13 02:17:41,467 - main - INFO - Successfully processed data for user: aaryan.tiwari
2025-02-13 02:19:16,830 - main - INFO - Received request for user: priyank.shankar
2025-02-13 02:19:16,830 - main - INFO - Initialized RaceDataExtractor for user: priyank.shankar
2025-02-13 02:19:16,830 - main - INFO - Fetching data for user: priyank.shankar
2025-02-13 02:19:19,580 - main - INFO - Successfully processed data for user: priyank.shankar
2025-02-13 02:21:22,219 - main - INFO - Received request for user: aaryan.tiwari
2025-02-13 02:21:22,219 - main - INFO - Initialized RaceDataExtractor for user: aaryan.tiwari
2025-02-13 02:21:22,219 - main - INFO - Fetching data for user: aaryan.tiwari
2025-02-13 02:21:24,246 - main - INFO - Successfully processed data for user: aaryan.tiwari
2025-02-13 02:21:39,101 - main - INFO - Received request for user: priyank.shankar
2025-02-13 02:21:39,101 - main - INFO - Initialized RaceDataExtractor for user: priyank.shankar
2025-02-13 02:21:39,101 - main - INFO - Fetching data for user: priyank.shankar
2025-02-13 02:21:41,015 - main - INFO - Successfully processed data for user: priyank.shankar
2025-02-13 02:22:11,550 - main - INFO - Received request for user: margulan.daribayev
2025-02-13 02:22:11,551 - main - INFO - Initialized RaceDataExtractor for user: margulan.daribayev
2025-02-13 02:22:11,551 - main - INFO - Fetching data for user: margulan.daribayev
2025-02-13 02:22:15,361 - main - INFO - Successfully processed data for user: margulan.daribayev
2025-02-13 02:22:22,997 - main - INFO - Received request for user: margulan.daribayev
2025-02-13 02:22:22,997 - main - INFO - Initialized RaceDataExtractor for user: margulan.daribayev
2025-02-13 02:22:22,997 - main - INFO - Fetching data for user: margulan.daribayev
2025-02-13 02:22:26,767 - main - INFO - Successfully processed data for user: margulan.daribayev
2025-02-13 02:22:36,634 - main - INFO - Received request for user: rohit.raj
2025-02-13 02:22:36,634 - main - INFO - Initialized RaceDataExtractor for user: rohit.raj
2025-02-13 02:22:36,634 - main - INFO - Fetching data for user: rohit.raj
2025-02-13 02:22:38,111 - main - INFO - Successfully processed data for user: rohit.raj
2025-02-13 02:23:16,394 - main - INFO - Received request for user: priyank.shankar
2025-02-13 02:23:16,394 - main - INFO - Initialized RaceDataExtractor for user: priyank.shankar
2025-02-13 02:23:16,394 - main - INFO - Fetching data for user: priyank.shankar
2025-02-13 02:23:18,615 - main - INFO - Successfully processed data for user: priyank.shankar
2025-02-13 02:24:53,801 - main - INFO - Received request for user: raj.rohit.4
2025-02-13 02:24:53,801 - main - INFO - Initialized RaceDataExtractor for user: raj.rohit.4
2025-02-13 02:24:53,801 - main - INFO - Fetching data for user: raj.rohit.4
2025-02-13 02:24:55,414 - main - INFO - Successfully processed data for user: raj.rohit.4
2025-02-13 02:25:10,924 - main - INFO - Received request for user: priyankrandi
2025-02-13 02:25:10,924 - main - INFO - Initialized RaceDataExtractor for user: priyankrandi
2025-02-13 02:25:10,924 - main - INFO - Fetching data for user: priyankrandi
2025-02-13 02:25:12,646 - main - ERROR - Profile not found
2025-02-13 02:25:12,646 - main - ERROR - Error processing data: 404: Profile not found
2025-02-13 02:25:18,458 - main - INFO - Received request for user: 0000
2025-02-13 02:25:18,458 - main - INFO - Initialized RaceDataExtractor for user: 0000
2025-02-13 02:25:18,458 - main - INFO - Fetching data for user: 0000
2025-02-13 02:25:21,166 - main - ERROR - Profile not found
2025-02-13 02:25:21,166 - main - ERROR - Error processing data: 404: Profile not found
2025-02-13 02:25:30,822 - main - INFO - Received request for user: rohit.raj.4
2025-02-13 02:25:30,822 - main - INFO - Initialized RaceDataExtractor for user: rohit.raj.4
2025-02-13 02:25:30,822 - main - INFO - Fetching data for user: rohit.raj.4
2025-02-13 02:25:32,298 - main - INFO - Successfully processed data for user: rohit.raj.4
2025-02-13 02:26:20,805 - main - INFO - Received request for user: raj.rohit.4
2025-02-13 02:26:20,805 - main - INFO - Initialized RaceDataExtractor for user: raj.rohit.4
2025-02-13 02:26:20,805 - main - INFO - Fetching data for user: raj.rohit.4
2025-02-13 02:26:22,438 - main - INFO - Successfully processed data for user: raj.rohit.4
2025-02-13 02:27:35,688 - main - INFO - Received request for user: margulan.daribayev
2025-02-13 02:27:35,688 - main - INFO - Initialized RaceDataExtractor for user: margulan.daribayev
2025-02-13 02:27:35,688 - main - INFO - Fetching data for user: margulan.daribayev
2025-02-13 02:27:40,774 - main - INFO - Successfully processed data for user: margulan.daribayev
2025-02-13 02:32:29,713 - main - INFO - Received request for user: aitik.gupta
2025-02-13 02:32:29,714 - main - INFO - Initialized RaceDataExtractor for user: aitik.gupta
2025-02-13 02:32:29,714 - main - INFO - Fetching data for user: aitik.gupta
2025-02-13 02:32:32,171 - main - INFO - Successfully processed data for user: aitik.gupta
2025-02-13 02:34:11,520 - main - INFO - Received request for user: aman.singh.92
2025-02-13 02:34:11,520 - main - INFO - Initialized RaceDataExtractor for user: aman.singh.92
2025-02-13 02:34:11,520 - main - INFO - Fetching data for user: aman.singh.92
2025-02-13 02:34:13,244 - main - INFO - Successfully processed data for user: aman.singh.92
2025-02-13 02:35:19,552 - main - INFO - Received request for user: zhanibek.kalkayev
2025-02-13 02:35:19,552 - main - INFO - Initialized RaceDataExtractor for user: zhanibek.kalkayev
2025-02-13 02:35:19,552 - main - INFO - Fetching data for user: zhanibek.kalkayev
2025-02-13 02:35:21,905 - main - INFO - Successfully processed data for user: zhanibek.kalkayev
